  C:\Users\justi\Downloads\1 - Sophomore Year\C++ Programming II (Game Programming)\cpsc-2377-level-7-quest-contra-JD\SDL2\lib\x86\libfreetype-6.dll
  C:\Users\justi\Downloads\1 - Sophomore Year\C++ Programming II (Game Programming)\cpsc-2377-level-7-quest-contra-JD\SDL2\lib\x86\libjpeg-9.dll
  C:\Users\justi\Downloads\1 - Sophomore Year\C++ Programming II (Game Programming)\cpsc-2377-level-7-quest-contra-JD\SDL2\lib\x86\libpng16-16.dll
  C:\Users\justi\Downloads\1 - Sophomore Year\C++ Programming II (Game Programming)\cpsc-2377-level-7-quest-contra-JD\SDL2\lib\x86\libtiff-5.dll
  C:\Users\justi\Downloads\1 - Sophomore Year\C++ Programming II (Game Programming)\cpsc-2377-level-7-quest-contra-JD\SDL2\lib\x86\libwebp-4.dll
  C:\Users\justi\Downloads\1 - Sophomore Year\C++ Programming II (Game Programming)\cpsc-2377-level-7-quest-contra-JD\SDL2\lib\x86\SDL2.dll
  C:\Users\justi\Downloads\1 - Sophomore Year\C++ Programming II (Game Programming)\cpsc-2377-level-7-quest-contra-JD\SDL2\lib\x86\SDL2_image.dll
  C:\Users\justi\Downloads\1 - Sophomore Year\C++ Programming II (Game Programming)\cpsc-2377-level-7-quest-contra-JD\SDL2\lib\x86\SDL2_ttf.dll
  C:\Users\justi\Downloads\1 - Sophomore Year\C++ Programming II (Game Programming)\cpsc-2377-level-7-quest-contra-JD\SDL2\lib\x86\zlib1.dll
          9 file(s) copied.
  AnimatedObject.cpp
C:\Users\justi\Downloads\1 - Sophomore Year\C++ Programming II (Game Programming)\cpsc-2377-level-7-quest-contra-JD\Source\AnimatedObject.cpp(180,17): warning C4244: '=': conversion from 'const int' to 'float', possible loss of data
C:\Users\justi\Downloads\1 - Sophomore Year\C++ Programming II (Game Programming)\cpsc-2377-level-7-quest-contra-JD\Source\AnimatedObject.cpp(184,17): warning C4244: '=': conversion from 'const int' to 'float', possible loss of data
  Block.cpp
C:\Users\justi\Downloads\1 - Sophomore Year\C++ Programming II (Game Programming)\cpsc-2377-level-7-quest-contra-JD\Source\Object.h(37,14): warning C4244: 'return': conversion from 'double' to 'float', possible loss of data
  Bullet.cpp
C:\Users\justi\Downloads\1 - Sophomore Year\C++ Programming II (Game Programming)\cpsc-2377-level-7-quest-contra-JD\Source\Object.h(37,14): warning C4244: 'return': conversion from 'double' to 'float', possible loss of data
  Dragon.cpp
  Enemy.cpp
  engine.cpp
  FactoryLibrary.cpp
C:\Users\justi\Downloads\1 - Sophomore Year\C++ Programming II (Game Programming)\cpsc-2377-level-7-quest-contra-JD\Source\Object.h(37,14): warning C4244: 'return': conversion from 'double' to 'float', possible loss of data
  GUI.cpp
C:\Users\justi\Downloads\1 - Sophomore Year\C++ Programming II (Game Programming)\cpsc-2377-level-7-quest-contra-JD\Source\GUI.cpp(97,39): warning C4244: 'argument': conversion from 'const float' to 'int', possible loss of data
C:\Users\justi\Downloads\1 - Sophomore Year\C++ Programming II (Game Programming)\cpsc-2377-level-7-quest-contra-JD\Source\GUI.cpp(97,19): warning C4244: 'argument': conversion from 'const float' to 'int', possible loss of data
C:\Users\justi\Downloads\1 - Sophomore Year\C++ Programming II (Game Programming)\cpsc-2377-level-7-quest-contra-JD\Source\GUI.cpp(318,53): warning C4838: conversion from 'float' to 'int' requires a narrowing conversion
C:\Users\justi\Downloads\1 - Sophomore Year\C++ Programming II (Game Programming)\cpsc-2377-level-7-quest-contra-JD\Source\GUI.cpp(318,53): warning C4244: 'initializing': conversion from 'float' to 'int', possible loss of data
  Heart.cpp
C:\Users\justi\Downloads\1 - Sophomore Year\C++ Programming II (Game Programming)\cpsc-2377-level-7-quest-contra-JD\Source\Object.h(37,14): warning C4244: 'return': conversion from 'double' to 'float', possible loss of data
  level.7.quest.cpp
  Object.cpp
C:\Users\justi\Downloads\1 - Sophomore Year\C++ Programming II (Game Programming)\cpsc-2377-level-7-quest-contra-JD\Source\Object.h(37,14): warning C4244: 'return': conversion from 'double' to 'float', possible loss of data
  ObjectFactory.cpp
C:\Users\justi\Downloads\1 - Sophomore Year\C++ Programming II (Game Programming)\cpsc-2377-level-7-quest-contra-JD\Source\Object.h(37,14): warning C4244: 'return': conversion from 'double' to 'float', possible loss of data
  Player.cpp
C:\Users\justi\Downloads\1 - Sophomore Year\C++ Programming II (Game Programming)\cpsc-2377-level-7-quest-contra-JD\Source\Player.cpp(25,35): warning C4244: '=': conversion from 'float' to 'int', possible loss of data
  Tank.cpp
  Texture.cpp
C:\Users\justi\Downloads\1 - Sophomore Year\C++ Programming II (Game Programming)\cpsc-2377-level-7-quest-contra-JD\Source\Texture.cpp(86,35): warning C4838: conversion from 'float' to 'int' requires a narrowing conversion
C:\Users\justi\Downloads\1 - Sophomore Year\C++ Programming II (Game Programming)\cpsc-2377-level-7-quest-contra-JD\Source\Texture.cpp(86,35): warning C4244: 'initializing': conversion from 'float' to 'int', possible loss of data
C:\Users\justi\Downloads\1 - Sophomore Year\C++ Programming II (Game Programming)\cpsc-2377-level-7-quest-contra-JD\Source\Texture.cpp(86,47): warning C4838: conversion from 'float' to 'int' requires a narrowing conversion
C:\Users\justi\Downloads\1 - Sophomore Year\C++ Programming II (Game Programming)\cpsc-2377-level-7-quest-contra-JD\Source\Texture.cpp(86,47): warning C4244: 'initializing': conversion from 'float' to 'int', possible loss of data
  Timer.cpp
  Generating Code...
  Level.7.Quest.Assignment.vcxproj -> C:\Users\justi\Downloads\1 - Sophomore Year\C++ Programming II (Game Programming)\cpsc-2377-level-7-quest-contra-JD\Game\Level.7.Quest.Assignment.exe
  C:\Users\justi\Downloads\1 - Sophomore Year\C++ Programming II (Game Programming)\cpsc-2377-level-7-quest-contra-JD\libfreetype-6.dll
  C:\Users\justi\Downloads\1 - Sophomore Year\C++ Programming II (Game Programming)\cpsc-2377-level-7-quest-contra-JD\libjpeg-9.dll
  C:\Users\justi\Downloads\1 - Sophomore Year\C++ Programming II (Game Programming)\cpsc-2377-level-7-quest-contra-JD\libpng16-16.dll
  C:\Users\justi\Downloads\1 - Sophomore Year\C++ Programming II (Game Programming)\cpsc-2377-level-7-quest-contra-JD\libtiff-5.dll
  C:\Users\justi\Downloads\1 - Sophomore Year\C++ Programming II (Game Programming)\cpsc-2377-level-7-quest-contra-JD\libwebp-4.dll
  C:\Users\justi\Downloads\1 - Sophomore Year\C++ Programming II (Game Programming)\cpsc-2377-level-7-quest-contra-JD\SDL2.dll
  C:\Users\justi\Downloads\1 - Sophomore Year\C++ Programming II (Game Programming)\cpsc-2377-level-7-quest-contra-JD\SDL2_image.dll
  C:\Users\justi\Downloads\1 - Sophomore Year\C++ Programming II (Game Programming)\cpsc-2377-level-7-quest-contra-JD\SDL2_ttf.dll
  C:\Users\justi\Downloads\1 - Sophomore Year\C++ Programming II (Game Programming)\cpsc-2377-level-7-quest-contra-JD\zlib1.dll
          9 file(s) moved.
