  C:\Users\justi\Documents\GitHub\cpsc-2377-level-3-quest-contra-JustinDady7\SDL2\lib\x86\libfreetype-6.dll
  C:\Users\justi\Documents\GitHub\cpsc-2377-level-3-quest-contra-JustinDady7\SDL2\lib\x86\libjpeg-9.dll
  C:\Users\justi\Documents\GitHub\cpsc-2377-level-3-quest-contra-JustinDady7\SDL2\lib\x86\libpng16-16.dll
  C:\Users\justi\Documents\GitHub\cpsc-2377-level-3-quest-contra-JustinDady7\SDL2\lib\x86\libtiff-5.dll
  C:\Users\justi\Documents\GitHub\cpsc-2377-level-3-quest-contra-JustinDady7\SDL2\lib\x86\libwebp-4.dll
  C:\Users\justi\Documents\GitHub\cpsc-2377-level-3-quest-contra-JustinDady7\SDL2\lib\x86\SDL2.dll
  C:\Users\justi\Documents\GitHub\cpsc-2377-level-3-quest-contra-JustinDady7\SDL2\lib\x86\SDL2_image.dll
  C:\Users\justi\Documents\GitHub\cpsc-2377-level-3-quest-contra-JustinDady7\SDL2\lib\x86\SDL2_ttf.dll
  C:\Users\justi\Documents\GitHub\cpsc-2377-level-3-quest-contra-JustinDady7\SDL2\lib\x86\zlib1.dll
          9 file(s) copied.
  engine.cpp
  Level.3.Quest.Assignment.vcxproj -> C:\Users\justi\Documents\GitHub\cpsc-2377-level-3-quest-contra-JustinDady7\Game\Level.3.Quest.Assignment.exe
  C:\Users\justi\Documents\GitHub\cpsc-2377-level-3-quest-contra-JustinDady7\libfreetype-6.dll
  C:\Users\justi\Documents\GitHub\cpsc-2377-level-3-quest-contra-JustinDady7\libjpeg-9.dll
  C:\Users\justi\Documents\GitHub\cpsc-2377-level-3-quest-contra-JustinDady7\libpng16-16.dll
  C:\Users\justi\Documents\GitHub\cpsc-2377-level-3-quest-contra-JustinDady7\libtiff-5.dll
  C:\Users\justi\Documents\GitHub\cpsc-2377-level-3-quest-contra-JustinDady7\libwebp-4.dll
  C:\Users\justi\Documents\GitHub\cpsc-2377-level-3-quest-contra-JustinDady7\SDL2.dll
  C:\Users\justi\Documents\GitHub\cpsc-2377-level-3-quest-contra-JustinDady7\SDL2_image.dll
  C:\Users\justi\Documents\GitHub\cpsc-2377-level-3-quest-contra-JustinDady7\SDL2_ttf.dll
  C:\Users\justi\Documents\GitHub\cpsc-2377-level-3-quest-contra-JustinDady7\zlib1.dll
          9 file(s) moved.
