C:\Program Files (x86)\Microsoft Visual Studio\2019\Community\MSBuild\Microsoft\VC\v160\Microsoft.CppBuild.targets(459,5): warning MSB8028: The intermediate directory (C:\Users\Sean Orme\Google Drive\CPSC 2377\Quests\CPSC.2377.Quests.Contra\Level.3.Quest.Solution\Temp\) contains files shared from another project (Quest.2.Solution.vcxproj).  This can lead to incorrect clean and rebuild behavior.
  C:\Users\Sean Orme\Google Drive\CPSC 2377\Quests\CPSC.2377.Quests.Contra\Level.3.Quest.Solution\SDL2\lib\x86\libfreetype-6.dll
  C:\Users\Sean Orme\Google Drive\CPSC 2377\Quests\CPSC.2377.Quests.Contra\Level.3.Quest.Solution\SDL2\lib\x86\libjpeg-9.dll
  C:\Users\Sean Orme\Google Drive\CPSC 2377\Quests\CPSC.2377.Quests.Contra\Level.3.Quest.Solution\SDL2\lib\x86\libpng16-16.dll
  C:\Users\Sean Orme\Google Drive\CPSC 2377\Quests\CPSC.2377.Quests.Contra\Level.3.Quest.Solution\SDL2\lib\x86\libtiff-5.dll
  C:\Users\Sean Orme\Google Drive\CPSC 2377\Quests\CPSC.2377.Quests.Contra\Level.3.Quest.Solution\SDL2\lib\x86\libwebp-4.dll
  C:\Users\Sean Orme\Google Drive\CPSC 2377\Quests\CPSC.2377.Quests.Contra\Level.3.Quest.Solution\SDL2\lib\x86\SDL2.dll
  C:\Users\Sean Orme\Google Drive\CPSC 2377\Quests\CPSC.2377.Quests.Contra\Level.3.Quest.Solution\SDL2\lib\x86\SDL2_image.dll
  C:\Users\Sean Orme\Google Drive\CPSC 2377\Quests\CPSC.2377.Quests.Contra\Level.3.Quest.Solution\SDL2\lib\x86\SDL2_ttf.dll
  C:\Users\Sean Orme\Google Drive\CPSC 2377\Quests\CPSC.2377.Quests.Contra\Level.3.Quest.Solution\SDL2\lib\x86\zlib1.dll
          9 file(s) copied.
  engine.cpp
  GUI.cpp
  level.3.quest.cpp
C:\Users\Sean Orme\Google Drive\CPSC 2377\Quests\CPSC.2377.Quests.Contra\Level.3.Quest.Solution\Source\level.3.quest.cpp(69,29): warning C4244: 'argument': conversion from 'float' to 'Uint32', possible loss of data
  Texture.cpp
  Timer.cpp
  Generating Code...
  Level.3.Quest.Solution.vcxproj -> C:\Users\Sean Orme\Google Drive\CPSC 2377\Quests\CPSC.2377.Quests.Contra\Level.3.Quest.Solution\Game\Level.3.Quest.Solution.exe
  C:\Users\Sean Orme\Google Drive\CPSC 2377\Quests\CPSC.2377.Quests.Contra\Level.3.Quest.Solution\libfreetype-6.dll
  C:\Users\Sean Orme\Google Drive\CPSC 2377\Quests\CPSC.2377.Quests.Contra\Level.3.Quest.Solution\libjpeg-9.dll
  C:\Users\Sean Orme\Google Drive\CPSC 2377\Quests\CPSC.2377.Quests.Contra\Level.3.Quest.Solution\libpng16-16.dll
  C:\Users\Sean Orme\Google Drive\CPSC 2377\Quests\CPSC.2377.Quests.Contra\Level.3.Quest.Solution\libtiff-5.dll
  C:\Users\Sean Orme\Google Drive\CPSC 2377\Quests\CPSC.2377.Quests.Contra\Level.3.Quest.Solution\libwebp-4.dll
  C:\Users\Sean Orme\Google Drive\CPSC 2377\Quests\CPSC.2377.Quests.Contra\Level.3.Quest.Solution\SDL2.dll
  C:\Users\Sean Orme\Google Drive\CPSC 2377\Quests\CPSC.2377.Quests.Contra\Level.3.Quest.Solution\SDL2_image.dll
  C:\Users\Sean Orme\Google Drive\CPSC 2377\Quests\CPSC.2377.Quests.Contra\Level.3.Quest.Solution\SDL2_ttf.dll
  C:\Users\Sean Orme\Google Drive\CPSC 2377\Quests\CPSC.2377.Quests.Contra\Level.3.Quest.Solution\zlib1.dll
          9 file(s) moved.
