Log file open, 02/14/22 21:44:02
LogWindows: Failed to load 'aqProf.dll' (GetLastError=126)
LogWindows: File 'aqProf.dll' does not exist
LogWindows: Failed to load 'VtuneApi.dll' (GetLastError=126)
LogWindows: File 'VtuneApi.dll' does not exist
LogWindows: Failed to load 'VtuneApi32e.dll' (GetLastError=126)
LogWindows: File 'VtuneApi32e.dll' does not exist
LogConsoleResponse: Display: Failed to find resolution value strings in scalability ini. Falling back to default.
LogConsoleResponse: Display: Failed to find resolution value strings in scalability ini. Falling back to default.
LogInit: Display: Running engine for game: SheltemAssignment1
LogPlatformFile: Not using cached read wrapper
LogTaskGraph: Started task graph with 5 named threads and 35 total threads with 3 sets of task threads.
LogStats: Stats thread started at 0.399515
LogICUInternationalization: ICU TimeZone Detection - Raw Offset: -6:00, Platform Override: ''
LogInit: Display: Loading text-based GConfig....
LogPluginManager: Mounting plugin MeshPainting
LogPluginManager: Mounting plugin XGEController
LogPluginManager: Mounting plugin Paper2D
LogPluginManager: Mounting plugin LiveLink
LogPluginManager: Mounting plugin AISupport
LogPluginManager: Mounting plugin EnvironmentQueryEditor
LogPluginManager: Mounting plugin LightPropagationVolume
LogPluginManager: Mounting plugin CameraShakePreviewer
LogPluginManager: Mounting plugin GameplayCameras
LogPluginManager: Mounting plugin OodleData
LogPluginManager: Mounting plugin AnimationSharing
LogPluginManager: Mounting plugin OodleNetwork
LogPluginManager: Mounting plugin CLionSourceCodeAccess
LogPluginManager: Mounting plugin GitSourceControl
LogPluginManager: Mounting plugin CodeLiteSourceCodeAccess
LogPluginManager: Mounting plugin PerforceSourceControl
LogPluginManager: Mounting plugin KDevelopSourceCodeAccess
LogPluginManager: Mounting plugin PixWinPlugin
LogPluginManager: Mounting plugin NullSourceCodeAccess
LogPluginManager: Mounting plugin PlasticSourceControl
LogPluginManager: Mounting plugin PropertyAccessNode
LogPluginManager: Mounting plugin PluginUtils
LogPluginManager: Mounting plugin RiderSourceCodeAccess
LogPluginManager: Mounting plugin SubversionSourceControl
LogPluginManager: Mounting plugin TextureFormatOodle
LogPluginManager: Mounting plugin VisualStudioCodeSourceCodeAccess
LogPluginManager: Mounting plugin UObjectPlugin
LogPluginManager: Mounting plugin VisualStudioSourceCodeAccess
LogPluginManager: Mounting plugin Niagara
LogPluginManager: Mounting plugin AssetManagerEditor
LogPluginManager: Mounting plugin XCodeSourceCodeAccess
LogPluginManager: Mounting plugin AlembicImporter
LogPluginManager: Mounting plugin DatasmithContent
LogPluginManager: Mounting plugin BackChannel
LogPluginManager: Mounting plugin AutomationUtils
LogPluginManager: Mounting plugin ChaosCloth
LogPluginManager: Mounting plugin ChaosClothEditor
LogPluginManager: Mounting plugin ChaosEditor
LogPluginManager: Mounting plugin ChaosSolverPlugin
LogPluginManager: Mounting plugin VariantManagerContent
LogPluginManager: Mounting plugin ChaosNiagara
LogPluginManager: Mounting plugin AndroidMedia
LogPluginManager: Mounting plugin AvfMedia
LogPluginManager: Mounting plugin CryptoKeys
LogPluginManager: Mounting plugin CharacterAI
LogPluginManager: Mounting plugin CurveEditorTools
LogPluginManager: Mounting plugin DataValidation
LogPluginManager: Mounting plugin FacialAnimation
LogPluginManager: Mounting plugin ImgMedia
LogPluginManager: Mounting plugin MediaCompositing
LogPluginManager: Mounting plugin GameplayTagsEditor
LogPluginManager: Mounting plugin GeometryMode
LogPluginManager: Mounting plugin MacGraphicsSwitching
LogPluginManager: Mounting plugin GeometryCache
LogPluginManager: Mounting plugin MediaPlayerEditor
LogPluginManager: Mounting plugin LuminPlatformFeatures
LogPluginManager: Mounting plugin WebMMedia
LogPluginManager: Mounting plugin WmfMedia
LogPluginManager: Mounting plugin MagicLeap
LogPluginManager: Mounting plugin GeometryCollectionPlugin
LogPluginManager: Mounting plugin MagicLeapLightEstimation
LogPluginManager: Mounting plugin MagicLeapMedia
LogPluginManager: Mounting plugin MaterialAnalyzer
LogPluginManager: Mounting plugin MLSDK
LogPluginManager: Mounting plugin MobileLauncherProfileWizard
LogPluginManager: Mounting plugin PluginBrowser
LogPluginManager: Mounting plugin MagicLeapPassableWorld
LogPluginManager: Mounting plugin SpeedTreeImporter
LogPluginManager: Mounting plugin GeometryProcessing
LogPluginManager: Mounting plugin MotoSynth
LogPluginManager: Mounting plugin OpenImageDenoise
LogPluginManager: Mounting plugin PlanarCut
LogPluginManager: Mounting plugin PlatformCrypto
LogPluginManager: Mounting plugin ProxyLODPlugin
LogPluginManager: Mounting plugin PythonScriptPlugin
LogPluginManager: Mounting plugin SkeletalReduction
LogPluginManager: Mounting plugin TcpMessaging
LogPluginManager: Mounting plugin UdpMessaging
LogPluginManager: Mounting plugin ActorSequence
LogPluginManager: Mounting plugin MatineeToLevelSequence
LogPluginManager: Mounting plugin TemplateSequence
LogPluginManager: Mounting plugin OnlineSubsystem
LogPluginManager: Mounting plugin OnlineSubsystemNull
LogPluginManager: Mounting plugin OnlineSubsystemUtils
LogPluginManager: Mounting plugin LauncherChunkInstaller
LogPluginManager: Mounting plugin ActorLayerUtilities
LogPluginManager: Mounting plugin AndroidDeviceProfileSelector
LogPluginManager: Mounting plugin AndroidMoviePlayer
LogPluginManager: Mounting plugin AndroidPermission
LogPluginManager: Mounting plugin AppleImageUtils
LogPluginManager: Mounting plugin AppleMoviePlayer
LogPluginManager: Mounting plugin AssetTags
LogPluginManager: Mounting plugin LevelSequenceEditor
LogPluginManager: Mounting plugin ArchVisCharacter
LogPluginManager: Mounting plugin AudioCapture
LogPluginManager: Mounting plugin CableComponent
LogPluginManager: Mounting plugin ChunkDownloader
LogPluginManager: Mounting plugin AudioSynesthesia
LogPluginManager: Mounting plugin CustomMeshComponent
LogPluginManager: Mounting plugin EditableMesh
LogPluginManager: Mounting plugin ExampleDeviceProfileSelector
LogPluginManager: Mounting plugin GooglePAD
LogPluginManager: Mounting plugin GoogleCloudMessaging
LogPluginManager: Mounting plugin ScreenshotTools
LogPluginManager: Mounting plugin IOSDeviceProfileSelector
LogPluginManager: Mounting plugin LinuxDeviceProfileSelector
LogPluginManager: Mounting plugin LocationServicesBPLibrary
LogPluginManager: Mounting plugin MobilePatchingUtils
LogPluginManager: Mounting plugin OpenXR
LogPluginManager: Mounting plugin OpenXREyeTracker
LogPluginManager: Mounting plugin OpenXRHandTracking
LogPluginManager: Mounting plugin PhysXVehicles
LogPluginManager: Mounting plugin PostSplashScreen
LogPluginManager: Mounting plugin ProceduralMeshComponent
LogPluginManager: Mounting plugin PropertyAccessEditor
LogPluginManager: Mounting plugin RuntimePhysXCooking
LogPluginManager: Mounting plugin SignificanceManager
LogPluginManager: Mounting plugin SoundFields
LogPluginManager: Mounting plugin Takes
LogPluginManager: Mounting plugin Synthesis
LogPluginManager: Mounting plugin WebMMoviePlayer
LogPluginManager: Mounting plugin WindowsMoviePlayer
LogPluginManager: Mounting plugin ContentBrowserAssetDataSource
LogPluginManager: Mounting plugin ContentBrowserFileDataSource
LogPluginManager: Mounting plugin ContentBrowserClassDataSource
LogPluginManager: Mounting plugin OnlineSubsystemGooglePlay
LogPluginManager: Mounting plugin OnlineSubsystemIOS
LogPluginManager: Mounting plugin OculusVR
LogPluginManager: Mounting plugin SteamVR
PixWinPlugin: PIX capture plugin failed to initialize! Check that the process is launched from PIX.
LogInit: Using libcurl 7.55.1-DEV
LogInit:  - built for x86_64-pc-win32
LogInit:  - supports SSL with OpenSSL/1.1.1
LogInit:  - supports HTTP deflate (compression) using libz 1.2.8
LogInit:  - other features:
LogInit:      CURL_VERSION_SSL
LogInit:      CURL_VERSION_LIBZ
LogInit:      CURL_VERSION_IPV6
LogInit:      CURL_VERSION_ASYNCHDNS
LogInit:      CURL_VERSION_LARGEFILE
LogInit:      CURL_VERSION_IDN
LogInit:  CurlRequestOptions (configurable via config and command line):
LogInit:  - bVerifyPeer = true  - Libcurl will verify peer certificate
LogInit:  - bUseHttpProxy = false  - Libcurl will NOT use HTTP proxy
LogInit:  - bDontReuseConnections = false  - Libcurl will reuse connections
LogInit:  - MaxHostConnections = 16  - Libcurl will limit the number of connections to a host
LogInit:  - LocalHostAddr = Default
LogInit:  - BufferSize = 65536
LogOnline: OSS: Creating online subsystem instance for: NULL
LogInit: WinSock: version 1.1 (2.2), MaxSocks=32767, MaxUdp=65467
LogOnline: OSS: TryLoadSubsystemAndSetDefault: Loaded subsystem for module [NULL]
LogOculusPluginWrapper: OculusPlugin initialized successfully
LogHMD: Failed initializing OVRPlugin 1.59.0
LogInit: Build: ++UE4+Release-4.27-CL-18319896
LogInit: Engine Version: 4.27.2-18319896+++UE4+Release-4.27
LogInit: Compatible Engine Version: 4.27.0-17155196+++UE4+Release-4.27
LogInit: Net CL: 17155196
LogInit: OS: Windows 10 (Release 2009) (), CPU: Intel(R) Core(TM) i7-8750H CPU @ 2.20GHz, GPU: Intel(R) UHD Graphics 630
LogInit: Compiled (64-bit): Nov 30 2021 07:12:08
LogInit: Compiled with Visual C++: 19.24.28315.00
LogInit: Build Configuration: Development
LogInit: Branch Name: ++UE4+Release-4.27
LogInit: Command Line: 
LogInit: Base Directory: D:/Epic Games/UE_4.27/Engine/Binaries/Win64/
LogInit: Allocator: TBB
LogInit: Installed Engine Build: 1
LogDevObjectVersion: Number of dev versions registered: 29
LogDevObjectVersion:   Dev-Blueprints (B0D832E4-1F89-4F0D-ACCF-7EB736FD4AA2): 10
LogDevObjectVersion:   Dev-Build (E1C64328-A22C-4D53-A36C-8E866417BD8C): 0
LogDevObjectVersion:   Dev-Core (375EC13C-06E4-48FB-B500-84F0262A717E): 4
LogDevObjectVersion:   Dev-Editor (E4B068ED-F494-42E9-A231-DA0B2E46BB41): 40
LogDevObjectVersion:   Dev-Framework (CFFC743F-43B0-4480-9391-14DF171D2073): 37
LogDevObjectVersion:   Dev-Mobile (B02B49B5-BB20-44E9-A304-32B752E40360): 3
LogDevObjectVersion:   Dev-Networking (A4E4105C-59A1-49B5-A7C5-40C4547EDFEE): 0
LogDevObjectVersion:   Dev-Online (39C831C9-5AE6-47DC-9A44-9C173E1C8E7C): 0
LogDevObjectVersion:   Dev-Physics (78F01B33-EBEA-4F98-B9B4-84EACCB95AA2): 14
LogDevObjectVersion:   Dev-Platform (6631380F-2D4D-43E0-8009-CF276956A95A): 0
LogDevObjectVersion:   Dev-Rendering (12F88B9F-8875-4AFC-A67C-D90C383ABD29): 45
LogDevObjectVersion:   Dev-Sequencer (7B5AE74C-D270-4C10-A958-57980B212A5A): 13
LogDevObjectVersion:   Dev-VR (D7296918-1DD6-4BDD-9DE2-64A83CC13884): 3
LogDevObjectVersion:   Dev-LoadTimes (C2A15278-BFE7-4AFE-6C17-90FF531DF755): 1
LogDevObjectVersion:   Private-Geometry (6EACA3D4-40EC-4CC1-B786-8BED09428FC5): 3
LogDevObjectVersion:   Dev-AnimPhys (29E575DD-E0A3-4627-9D10-D276232CDCEA): 17
LogDevObjectVersion:   Dev-Anim (AF43A65D-7FD3-4947-9873-3E8ED9C1BB05): 15
LogDevObjectVersion:   Dev-ReflectionCapture (6B266CEC-1EC7-4B8F-A30B-E4D90942FC07): 1
LogDevObjectVersion:   Dev-Automation (0DF73D61-A23F-47EA-B727-89E90C41499A): 1
LogDevObjectVersion:   FortniteMain (601D1886-AC64-4F84-AA16-D3DE0DEAC7D6): 47
LogDevObjectVersion:   FortniteRelease (E7086368-6B23-4C58-8439-1B7016265E91): 1
LogDevObjectVersion:   Dev-Enterprise (9DFFBCD6-494F-0158-E221-12823C92A888): 10
LogDevObjectVersion:   Dev-Niagara (F2AED0AC-9AFE-416F-8664-AA7FFA26D6FC): 1
LogDevObjectVersion:   Dev-Destruction (174F1F0B-B4C6-45A5-B13F-2EE8D0FB917D): 10
LogDevObjectVersion:   Dev-Physics-Ext (35F94A83-E258-406C-A318-09F59610247C): 41
LogDevObjectVersion:   Dev-PhysicsMaterial-Chaos (B68FC16E-8B1B-42E2-B453-215C058844FE): 1
LogDevObjectVersion:   Dev-CineCamera (B2E18506-4273-CFC2-A54E-F4BB758BBA07): 1
LogDevObjectVersion:   Dev-VirtualProduction (64F58936-FD1B-42BA-BA96-7289D5D0FA4E): 1
LogDevObjectVersion:   Dev-MediaFramework (6F0ED827-A609-4895-9C91-998D90180EA4): 2
LogInit: Presizing for max 25165824 objects, including 0 objects not considered by GC, pre-allocating 0 bytes for permanent pool.
LogConfig: Applying CVar settings from Section [/Script/Engine.StreamingSettings] File [C:/Users/justi/Documents/GitHub/assignment-01-world-building-sheltem-dady-dawes-thomas/SheltemAssignment1/Saved/Config/Windows/Engine.ini]
LogConfig: Setting CVar [[s.MinBulkDataSizeForAsyncLoading:131072]]
LogConfig: Setting CVar [[s.AsyncLoadingThreadEnabled:0]]
LogConfig: Setting CVar [[s.EventDrivenLoaderEnabled:1]]
LogConfig: Setting CVar [[s.WarnIfTimeLimitExceeded:0]]
LogConfig: Setting CVar [[s.TimeLimitExceededMultiplier:1.5]]
LogConfig: Setting CVar [[s.TimeLimitExceededMinTime:0.005]]
LogConfig: Setting CVar [[s.UseBackgroundLevelStreaming:1]]
LogConfig: Setting CVar [[s.PriorityAsyncLoadingExtraTime:15.0]]
LogConfig: Setting CVar [[s.LevelStreamingActorsUpdateTimeLimit:5.0]]
LogConfig: Setting CVar [[s.PriorityLevelStreamingActorsUpdateExtraTime:5.0]]
LogConfig: Setting CVar [[s.LevelStreamingComponentsRegistrationGranularity:10]]
LogConfig: Setting CVar [[s.UnregisterComponentsTimeLimit:1.0]]
LogConfig: Setting CVar [[s.LevelStreamingComponentsUnregistrationGranularity:5]]
LogConfig: Setting CVar [[s.FlushStreamingOnExit:1]]
LogInit: Object subsystem initialized
LogConfig: Setting CVar [[con.DebugEarlyDefault:1]]
LogConfig: Setting CVar [[r.setres:1280x720]]
[2022.02.15-03.44.03:523][  0]LogConfig: Setting CVar [[r.VSync:0]]
[2022.02.15-03.44.03:523][  0]LogConfig: Setting CVar [[r.RHICmdBypass:0]]
[2022.02.15-03.44.03:523][  0]LogConfig: Applying CVar settings from Section [/Script/Engine.RendererSettings] File [C:/Users/justi/Documents/GitHub/assignment-01-world-building-sheltem-dady-dawes-thomas/SheltemAssignment1/Saved/Config/Windows/Engine.ini]
[2022.02.15-03.44.03:523][  0]LogConfig: Setting CVar [[r.GPUCrashDebugging:0]]
[2022.02.15-03.44.03:523][  0]LogConfig: Applying CVar settings from Section [/Script/Engine.RendererOverrideSettings] File [C:/Users/justi/Documents/GitHub/assignment-01-world-building-sheltem-dady-dawes-thomas/SheltemAssignment1/Saved/Config/Windows/Engine.ini]
[2022.02.15-03.44.03:523][  0]LogConfig: Applying CVar settings from Section [/Script/Engine.StreamingSettings] File [C:/Users/justi/Documents/GitHub/assignment-01-world-building-sheltem-dady-dawes-thomas/SheltemAssignment1/Saved/Config/Windows/Engine.ini]
[2022.02.15-03.44.03:523][  0]LogConfig: Setting CVar [[s.MinBulkDataSizeForAsyncLoading:131072]]
[2022.02.15-03.44.03:523][  0]LogConfig: Setting CVar [[s.AsyncLoadingThreadEnabled:0]]
[2022.02.15-03.44.03:523][  0]LogConfig: Setting CVar [[s.EventDrivenLoaderEnabled:1]]
[2022.02.15-03.44.03:523][  0]LogConfig: Setting CVar [[s.WarnIfTimeLimitExceeded:0]]
[2022.02.15-03.44.03:523][  0]LogConfig: Setting CVar [[s.TimeLimitExceededMultiplier:1.5]]
[2022.02.15-03.44.03:523][  0]LogConfig: Setting CVar [[s.TimeLimitExceededMinTime:0.005]]
[2022.02.15-03.44.03:523][  0]LogConfig: Setting CVar [[s.UseBackgroundLevelStreaming:1]]
[2022.02.15-03.44.03:523][  0]LogConfig: Setting CVar [[s.PriorityAsyncLoadingExtraTime:15.0]]
[2022.02.15-03.44.03:523][  0]LogConfig: Setting CVar [[s.LevelStreamingActorsUpdateTimeLimit:5.0]]
[2022.02.15-03.44.03:523][  0]LogConfig: Setting CVar [[s.PriorityLevelStreamingActorsUpdateExtraTime:5.0]]
[2022.02.15-03.44.03:523][  0]LogConfig: Setting CVar [[s.LevelStreamingComponentsRegistrationGranularity:10]]
[2022.02.15-03.44.03:523][  0]LogConfig: Setting CVar [[s.UnregisterComponentsTimeLimit:1.0]]
[2022.02.15-03.44.03:523][  0]LogConfig: Setting CVar [[s.LevelStreamingComponentsUnregistrationGranularity:5]]
[2022.02.15-03.44.03:523][  0]LogConfig: Setting CVar [[s.FlushStreamingOnExit:1]]
[2022.02.15-03.44.03:523][  0]LogConfig: Applying CVar settings from Section [/Script/Engine.GarbageCollectionSettings] File [C:/Users/justi/Documents/GitHub/assignment-01-world-building-sheltem-dady-dawes-thomas/SheltemAssignment1/Saved/Config/Windows/Engine.ini]
[2022.02.15-03.44.03:523][  0]LogConfig: Setting CVar [[gc.MaxObjectsNotConsideredByGC:1]]
[2022.02.15-03.44.03:523][  0]LogConfig: Setting CVar [[gc.SizeOfPermanentObjectPool:0]]
[2022.02.15-03.44.03:524][  0]LogConfig: Setting CVar [[gc.FlushStreamingOnGC:0]]
[2022.02.15-03.44.03:524][  0]LogConfig: Setting CVar [[gc.NumRetriesBeforeForcingGC:10]]
[2022.02.15-03.44.03:524][  0]LogConfig: Setting CVar [[gc.AllowParallelGC:1]]
[2022.02.15-03.44.03:524][  0]LogConfig: Setting CVar [[gc.TimeBetweenPurgingPendingKillObjects:61.1]]
[2022.02.15-03.44.03:524][  0]LogConfig: Setting CVar [[gc.MaxObjectsInEditor:25165824]]
[2022.02.15-03.44.03:524][  0]LogConfig: Setting CVar [[gc.IncrementalBeginDestroyEnabled:1]]
[2022.02.15-03.44.03:524][  0]LogConfig: Setting CVar [[gc.CreateGCClusters:1]]
[2022.02.15-03.44.03:524][  0]LogConfig: Setting CVar [[gc.MinGCClusterSize:5]]
[2022.02.15-03.44.03:524][  0]LogConfig: Setting CVar [[gc.ActorClusteringEnabled:0]]
[2022.02.15-03.44.03:524][  0]LogConfig: Setting CVar [[gc.BlueprintClusteringEnabled:0]]
[2022.02.15-03.44.03:524][  0]LogConfig: Setting CVar [[gc.UseDisregardForGCOnDedicatedServers:0]]
[2022.02.15-03.44.03:524][  0]LogConfig: Setting CVar [[gc.MultithreadedDestructionEnabled:1]]
[2022.02.15-03.44.03:524][  0]LogConfig: Applying CVar settings from Section [/Script/Engine.NetworkSettings] File [C:/Users/justi/Documents/GitHub/assignment-01-world-building-sheltem-dady-dawes-thomas/SheltemAssignment1/Saved/Config/Windows/Engine.ini]
[2022.02.15-03.44.03:524][  0]LogConfig: Applying CVar settings from Section [/Script/UnrealEd.CookerSettings] File [C:/Users/justi/Documents/GitHub/assignment-01-world-building-sheltem-dady-dawes-thomas/SheltemAssignment1/Saved/Config/Windows/Engine.ini]
[2022.02.15-03.44.03:537][  0]LogConfig: Applying CVar settings from Section [ViewDistanceQuality@3] File [C:/Users/justi/Documents/GitHub/assignment-01-world-building-sheltem-dady-dawes-thomas/SheltemAssignment1/Saved/Config/Windows/Scalability.ini]
[2022.02.15-03.44.03:537][  0]LogConfig: Setting CVar [[r.SkeletalMeshLODBias:0]]
[2022.02.15-03.44.03:537][  0]LogConfig: Setting CVar [[r.ViewDistanceScale:1.0]]
[2022.02.15-03.44.03:537][  0]LogConfig: Applying CVar settings from Section [AntiAliasingQuality@3] File [C:/Users/justi/Documents/GitHub/assignment-01-world-building-sheltem-dady-dawes-thomas/SheltemAssignment1/Saved/Config/Windows/Scalability.ini]
[2022.02.15-03.44.03:538][  0]LogConfig: Setting CVar [[r.PostProcessAAQuality:4]]
[2022.02.15-03.44.03:538][  0]LogConfig: Applying CVar settings from Section [ShadowQuality@3] File [C:/Users/justi/Documents/GitHub/assignment-01-world-building-sheltem-dady-dawes-thomas/SheltemAssignment1/Saved/Config/Windows/Scalability.ini]
[2022.02.15-03.44.03:538][  0]LogConfig: Setting CVar [[r.LightFunctionQuality:1]]
[2022.02.15-03.44.03:538][  0]LogConfig: Setting CVar [[r.ShadowQuality:5]]
[2022.02.15-03.44.03:538][  0]LogConfig: Setting CVar [[r.Shadow.CSM.MaxCascades:10]]
[2022.02.15-03.44.03:538][  0]LogConfig: Setting CVar [[r.Shadow.MaxResolution:2048]]
[2022.02.15-03.44.03:538][  0]LogConfig: Setting CVar [[r.Shadow.MaxCSMResolution:2048]]
[2022.02.15-03.44.03:538][  0]LogConfig: Setting CVar [[r.Shadow.RadiusThreshold:0.01]]
[2022.02.15-03.44.03:538][  0]LogConfig: Setting CVar [[r.Shadow.DistanceScale:1.0]]
[2022.02.15-03.44.03:538][  0]LogConfig: Setting CVar [[r.Shadow.CSM.TransitionScale:1.0]]
[2022.02.15-03.44.03:538][  0]LogConfig: Setting CVar [[r.Shadow.PreShadowResolutionFactor:1.0]]
[2022.02.15-03.44.03:538][  0]LogConfig: Setting CVar [[r.DistanceFieldShadowing:1]]
[2022.02.15-03.44.03:538][  0]LogConfig: Setting CVar [[r.DistanceFieldAO:1]]
[2022.02.15-03.44.03:538][  0]LogConfig: Setting CVar [[r.AOQuality:2]]
[2022.02.15-03.44.03:538][  0]LogConfig: Setting CVar [[r.VolumetricFog:1]]
[2022.02.15-03.44.03:538][  0]LogConfig: Setting CVar [[r.VolumetricFog.GridPixelSize:8]]
[2022.02.15-03.44.03:538][  0]LogConfig: Setting CVar [[r.VolumetricFog.GridSizeZ:128]]
[2022.02.15-03.44.03:538][  0]LogConfig: Setting CVar [[r.VolumetricFog.HistoryMissSupersampleCount:4]]
[2022.02.15-03.44.03:538][  0]LogConfig: Setting CVar [[r.LightMaxDrawDistanceScale:1]]
[2022.02.15-03.44.03:538][  0]LogConfig: Setting CVar [[r.CapsuleShadows:1]]
[2022.02.15-03.44.03:538][  0]LogConfig: Applying CVar settings from Section [PostProcessQuality@3] File [C:/Users/justi/Documents/GitHub/assignment-01-world-building-sheltem-dady-dawes-thomas/SheltemAssignment1/Saved/Config/Windows/Scalability.ini]
[2022.02.15-03.44.03:538][  0]LogConfig: Setting CVar [[r.MotionBlurQuality:4]]
[2022.02.15-03.44.03:538][  0]LogConfig: Setting CVar [[r.AmbientOcclusionMipLevelFactor:0.4]]
[2022.02.15-03.44.03:538][  0]LogConfig: Setting CVar [[r.AmbientOcclusionMaxQuality:100]]
[2022.02.15-03.44.03:538][  0]LogConfig: Setting CVar [[r.AmbientOcclusionLevels:-1]]
[2022.02.15-03.44.03:538][  0]LogConfig: Setting CVar [[r.AmbientOcclusionRadiusScale:1.0]]
[2022.02.15-03.44.03:538][  0]LogConfig: Setting CVar [[r.DepthOfFieldQuality:2]]
[2022.02.15-03.44.03:538][  0]LogConfig: Setting CVar [[r.RenderTargetPoolMin:400]]
[2022.02.15-03.44.03:538][  0]LogConfig: Setting CVar [[r.LensFlareQuality:2]]
[2022.02.15-03.44.03:538][  0]LogConfig: Setting CVar [[r.SceneColorFringeQuality:1]]
[2022.02.15-03.44.03:538][  0]LogConfig: Setting CVar [[r.EyeAdaptationQuality:2]]
[2022.02.15-03.44.03:538][  0]LogConfig: Setting CVar [[r.BloomQuality:5]]
[2022.02.15-03.44.03:538][  0]LogConfig: Setting CVar [[r.FastBlurThreshold:100]]
[2022.02.15-03.44.03:538][  0]LogConfig: Setting CVar [[r.Upscale.Quality:3]]
[2022.02.15-03.44.03:538][  0]LogConfig: Setting CVar [[r.Tonemapper.GrainQuantization:1]]
[2022.02.15-03.44.03:538][  0]LogConfig: Setting CVar [[r.LightShaftQuality:1]]
[2022.02.15-03.44.03:538][  0]LogConfig: Setting CVar [[r.Filter.SizeScale:1]]
[2022.02.15-03.44.03:538][  0]LogConfig: Setting CVar [[r.Tonemapper.Quality:5]]
[2022.02.15-03.44.03:538][  0]LogConfig: Setting CVar [[r.DOF.Gather.AccumulatorQuality:1        ; higher gathering accumulator quality]]
[2022.02.15-03.44.03:538][  0]LogConfig: Setting CVar [[r.DOF.Gather.PostfilterMethod:1          ; Median3x3 postfilering method]]
[2022.02.15-03.44.03:538][  0]LogConfig: Setting CVar [[r.DOF.Gather.EnableBokehSettings:0       ; no bokeh simulation when gathering]]
[2022.02.15-03.44.03:538][  0]LogConfig: Setting CVar [[r.DOF.Gather.RingCount:4                 ; medium number of samples when gathering]]
[2022.02.15-03.44.03:538][  0]LogConfig: Setting CVar [[r.DOF.Scatter.ForegroundCompositing:1    ; additive foreground scattering]]
[2022.02.15-03.44.03:538][  0]LogConfig: Setting CVar [[r.DOF.Scatter.BackgroundCompositing:2    ; additive background scattering]]
[2022.02.15-03.44.03:538][  0]LogConfig: Setting CVar [[r.DOF.Scatter.EnableBokehSettings:1      ; bokeh simulation when scattering]]
[2022.02.15-03.44.03:538][  0]LogConfig: Setting CVar [[r.DOF.Scatter.MaxSpriteRatio:0.1         ; only a maximum of 10% of scattered bokeh]]
[2022.02.15-03.44.03:538][  0]LogConfig: Setting CVar [[r.DOF.Recombine.Quality:1                ; cheap slight out of focus]]
[2022.02.15-03.44.03:538][  0]LogConfig: Setting CVar [[r.DOF.Recombine.EnableBokehSettings:0    ; no bokeh simulation on slight out of focus]]
[2022.02.15-03.44.03:538][  0]LogConfig: Setting CVar [[r.DOF.TemporalAAQuality:1                ; more stable temporal accumulation]]
[2022.02.15-03.44.03:538][  0]LogConfig: Setting CVar [[r.DOF.Kernel.MaxForegroundRadius:0.025]]
[2022.02.15-03.44.03:538][  0]LogConfig: Setting CVar [[r.DOF.Kernel.MaxBackgroundRadius:0.025]]
[2022.02.15-03.44.03:538][  0]LogConfig: Applying CVar settings from Section [TextureQuality@3] File [C:/Users/justi/Documents/GitHub/assignment-01-world-building-sheltem-dady-dawes-thomas/SheltemAssignment1/Saved/Config/Windows/Scalability.ini]
[2022.02.15-03.44.03:538][  0]LogConfig: Setting CVar [[r.Streaming.MipBias:0]]
[2022.02.15-03.44.03:538][  0]LogConfig: Setting CVar [[r.Streaming.AmortizeCPUToGPUCopy:0]]
[2022.02.15-03.44.03:538][  0]LogConfig: Setting CVar [[r.Streaming.MaxNumTexturesToStreamPerFrame:0]]
[2022.02.15-03.44.03:538][  0]LogConfig: Setting CVar [[r.Streaming.Boost:1]]
[2022.02.15-03.44.03:538][  0]LogConfig: Setting CVar [[r.MaxAnisotropy:8]]
[2022.02.15-03.44.03:538][  0]LogConfig: Setting CVar [[r.VT.MaxAnisotropy:8]]
[2022.02.15-03.44.03:538][  0]LogConfig: Setting CVar [[r.Streaming.LimitPoolSizeToVRAM:0]]
[2022.02.15-03.44.03:538][  0]LogConfig: Setting CVar [[r.Streaming.PoolSize:1000]]
[2022.02.15-03.44.03:538][  0]LogConfig: Setting CVar [[r.Streaming.MaxEffectiveScreenSize:0]]
[2022.02.15-03.44.03:538][  0]LogConfig: Applying CVar settings from Section [EffectsQuality@3] File [C:/Users/justi/Documents/GitHub/assignment-01-world-building-sheltem-dady-dawes-thomas/SheltemAssignment1/Saved/Config/Windows/Scalability.ini]
[2022.02.15-03.44.03:538][  0]LogConfig: Setting CVar [[r.TranslucencyLightingVolumeDim:64]]
[2022.02.15-03.44.03:538][  0]LogConfig: Setting CVar [[r.RefractionQuality:2]]
[2022.02.15-03.44.03:538][  0]LogConfig: Setting CVar [[r.SSR.Quality:3]]
[2022.02.15-03.44.03:538][  0]LogConfig: Setting CVar [[r.SSR.HalfResSceneColor:0]]
[2022.02.15-03.44.03:538][  0]LogConfig: Setting CVar [[r.SceneColorFormat:4]]
[2022.02.15-03.44.03:538][  0]LogConfig: Setting CVar [[r.DetailMode:2]]
[2022.02.15-03.44.03:538][  0]LogConfig: Setting CVar [[r.TranslucencyVolumeBlur:1]]
[2022.02.15-03.44.03:538][  0]LogConfig: Setting CVar [[r.MaterialQualityLevel:1 ; High quality]]
[2022.02.15-03.44.03:538][  0]LogConfig: Setting CVar [[r.AnisotropicMaterials:1]]
[2022.02.15-03.44.03:538][  0]LogConfig: Setting CVar [[r.SSS.Scale:1]]
[2022.02.15-03.44.03:538][  0]LogConfig: Setting CVar [[r.SSS.SampleSet:2]]
[2022.02.15-03.44.03:538][  0]LogConfig: Setting CVar [[r.SSS.Quality:1]]
[2022.02.15-03.44.03:538][  0]LogConfig: Setting CVar [[r.SSS.HalfRes:0]]
[2022.02.15-03.44.03:538][  0]LogConfig: Setting CVar [[r.SSGI.Quality:3]]
[2022.02.15-03.44.03:538][  0]LogConfig: Setting CVar [[r.EmitterSpawnRateScale:1.0]]
[2022.02.15-03.44.03:538][  0]LogConfig: Setting CVar [[r.ParticleLightQuality:2]]
[2022.02.15-03.44.03:538][  0]LogConfig: Setting CVar [[r.SkyAtmosphere.AerialPerspectiveLUT.FastApplyOnOpaque:1 ; Always have FastSkyLUT 1 in this case to avoid wrong sky]]
[2022.02.15-03.44.03:538][  0]LogConfig: Setting CVar [[r.SkyAtmosphere.AerialPerspectiveLUT.SampleCountMaxPerSlice:4]]
[2022.02.15-03.44.03:538][  0]LogConfig: Setting CVar [[r.SkyAtmosphere.AerialPerspectiveLUT.DepthResolution:16.0]]
[2022.02.15-03.44.03:538][  0]LogConfig: Setting CVar [[r.SkyAtmosphere.FastSkyLUT:1]]
[2022.02.15-03.44.03:538][  0]LogConfig: Setting CVar [[r.SkyAtmosphere.FastSkyLUT.SampleCountMin:4.0]]
[2022.02.15-03.44.03:538][  0]LogConfig: Setting CVar [[r.SkyAtmosphere.FastSkyLUT.SampleCountMax:128.0]]
[2022.02.15-03.44.03:538][  0]LogConfig: Setting CVar [[r.SkyAtmosphere.SampleCountMin:4.0]]
[2022.02.15-03.44.03:538][  0]LogConfig: Setting CVar [[r.SkyAtmosphere.SampleCountMax:128.0]]
[2022.02.15-03.44.03:538][  0]LogConfig: Setting CVar [[r.SkyAtmosphere.TransmittanceLUT.UseSmallFormat:0]]
[2022.02.15-03.44.03:538][  0]LogConfig: Setting CVar [[r.SkyAtmosphere.TransmittanceLUT.SampleCount:10.0]]
[2022.02.15-03.44.03:539][  0]LogConfig: Setting CVar [[r.SkyAtmosphere.MultiScatteringLUT.SampleCount:15.0]]
[2022.02.15-03.44.03:539][  0]LogConfig: Setting CVar [[r.SkyLight.RealTimeReflectionCapture:1]]
[2022.02.15-03.44.03:539][  0]LogConfig: Applying CVar settings from Section [FoliageQuality@3] File [C:/Users/justi/Documents/GitHub/assignment-01-world-building-sheltem-dady-dawes-thomas/SheltemAssignment1/Saved/Config/Windows/Scalability.ini]
[2022.02.15-03.44.03:539][  0]LogConfig: Setting CVar [[foliage.DensityScale:1.0]]
[2022.02.15-03.44.03:539][  0]LogConfig: Setting CVar [[grass.DensityScale:1.0]]
[2022.02.15-03.44.03:539][  0]LogConfig: Applying CVar settings from Section [ShadingQuality@3] File [C:/Users/justi/Documents/GitHub/assignment-01-world-building-sheltem-dady-dawes-thomas/SheltemAssignment1/Saved/Config/Windows/Scalability.ini]
[2022.02.15-03.44.03:539][  0]LogConfig: Setting CVar [[r.HairStrands.SkyLighting.IntegrationType:2]]
[2022.02.15-03.44.03:539][  0]LogConfig: Setting CVar [[r.HairStrands.SkyAO.SampleCount:4]]
[2022.02.15-03.44.03:539][  0]LogConfig: Setting CVar [[r.HairStrands.Visibility.MSAA.SamplePerPixel:4]]
[2022.02.15-03.44.03:539][  0]LogInit: Selected Device Profile: [Windows]
[2022.02.15-03.44.03:539][  0]LogInit: Applying CVar settings loaded from the selected device profile: [Windows]
[2022.02.15-03.44.03:539][  0]LogHAL: Display: Platform has ~ 16 GB [16962928640 / 17179869184 / 16], which maps to Larger [LargestMinGB=32, LargerMinGB=12, DefaultMinGB=8, SmallerMinGB=6, SmallestMinGB=0)
[2022.02.15-03.44.03:539][  0]LogInit: Going up to parent DeviceProfile []
[2022.02.15-03.44.03:539][  0]LogConfig: Applying CVar settings from Section [ViewDistanceQuality@3] File [C:/Users/justi/Documents/GitHub/assignment-01-world-building-sheltem-dady-dawes-thomas/SheltemAssignment1/Saved/Config/Windows/Scalability.ini]
[2022.02.15-03.44.03:539][  0]LogConfig: Setting CVar [[r.SkeletalMeshLODBias:0]]
[2022.02.15-03.44.03:539][  0]LogConfig: Setting CVar [[r.ViewDistanceScale:1.0]]
[2022.02.15-03.44.03:539][  0]LogConfig: Applying CVar settings from Section [AntiAliasingQuality@3] File [C:/Users/justi/Documents/GitHub/assignment-01-world-building-sheltem-dady-dawes-thomas/SheltemAssignment1/Saved/Config/Windows/Scalability.ini]
[2022.02.15-03.44.03:539][  0]LogConfig: Setting CVar [[r.PostProcessAAQuality:4]]
[2022.02.15-03.44.03:539][  0]LogConfig: Applying CVar settings from Section [ShadowQuality@3] File [C:/Users/justi/Documents/GitHub/assignment-01-world-building-sheltem-dady-dawes-thomas/SheltemAssignment1/Saved/Config/Windows/Scalability.ini]
[2022.02.15-03.44.03:539][  0]LogConfig: Setting CVar [[r.LightFunctionQuality:1]]
[2022.02.15-03.44.03:539][  0]LogConfig: Setting CVar [[r.ShadowQuality:5]]
[2022.02.15-03.44.03:539][  0]LogConfig: Setting CVar [[r.Shadow.CSM.MaxCascades:10]]
[2022.02.15-03.44.03:539][  0]LogConfig: Setting CVar [[r.Shadow.MaxResolution:2048]]
[2022.02.15-03.44.03:539][  0]LogConfig: Setting CVar [[r.Shadow.MaxCSMResolution:2048]]
[2022.02.15-03.44.03:539][  0]LogConfig: Setting CVar [[r.Shadow.RadiusThreshold:0.01]]
[2022.02.15-03.44.03:539][  0]LogConfig: Setting CVar [[r.Shadow.DistanceScale:1.0]]
[2022.02.15-03.44.03:539][  0]LogConfig: Setting CVar [[r.Shadow.CSM.TransitionScale:1.0]]
[2022.02.15-03.44.03:539][  0]LogConfig: Setting CVar [[r.Shadow.PreShadowResolutionFactor:1.0]]
[2022.02.15-03.44.03:539][  0]LogConfig: Setting CVar [[r.DistanceFieldShadowing:1]]
[2022.02.15-03.44.03:539][  0]LogConfig: Setting CVar [[r.DistanceFieldAO:1]]
[2022.02.15-03.44.03:539][  0]LogConfig: Setting CVar [[r.AOQuality:2]]
[2022.02.15-03.44.03:539][  0]LogConfig: Setting CVar [[r.VolumetricFog:1]]
[2022.02.15-03.44.03:539][  0]LogConfig: Setting CVar [[r.VolumetricFog.GridPixelSize:8]]
[2022.02.15-03.44.03:539][  0]LogConfig: Setting CVar [[r.VolumetricFog.GridSizeZ:128]]
[2022.02.15-03.44.03:539][  0]LogConfig: Setting CVar [[r.VolumetricFog.HistoryMissSupersampleCount:4]]
[2022.02.15-03.44.03:539][  0]LogConfig: Setting CVar [[r.LightMaxDrawDistanceScale:1]]
[2022.02.15-03.44.03:539][  0]LogConfig: Setting CVar [[r.CapsuleShadows:1]]
[2022.02.15-03.44.03:539][  0]LogConfig: Applying CVar settings from Section [PostProcessQuality@3] File [C:/Users/justi/Documents/GitHub/assignment-01-world-building-sheltem-dady-dawes-thomas/SheltemAssignment1/Saved/Config/Windows/Scalability.ini]
[2022.02.15-03.44.03:539][  0]LogConfig: Setting CVar [[r.MotionBlurQuality:4]]
[2022.02.15-03.44.03:539][  0]LogConfig: Setting CVar [[r.AmbientOcclusionMipLevelFactor:0.4]]
[2022.02.15-03.44.03:539][  0]LogConfig: Setting CVar [[r.AmbientOcclusionMaxQuality:100]]
[2022.02.15-03.44.03:539][  0]LogConfig: Setting CVar [[r.AmbientOcclusionLevels:-1]]
[2022.02.15-03.44.03:539][  0]LogConfig: Setting CVar [[r.AmbientOcclusionRadiusScale:1.0]]
[2022.02.15-03.44.03:539][  0]LogConfig: Setting CVar [[r.DepthOfFieldQuality:2]]
[2022.02.15-03.44.03:539][  0]LogConfig: Setting CVar [[r.RenderTargetPoolMin:400]]
[2022.02.15-03.44.03:539][  0]LogConfig: Setting CVar [[r.LensFlareQuality:2]]
[2022.02.15-03.44.03:539][  0]LogConfig: Setting CVar [[r.SceneColorFringeQuality:1]]
[2022.02.15-03.44.03:539][  0]LogConfig: Setting CVar [[r.EyeAdaptationQuality:2]]
[2022.02.15-03.44.03:539][  0]LogConfig: Setting CVar [[r.BloomQuality:5]]
[2022.02.15-03.44.03:539][  0]LogConfig: Setting CVar [[r.FastBlurThreshold:100]]
[2022.02.15-03.44.03:539][  0]LogConfig: Setting CVar [[r.Upscale.Quality:3]]
[2022.02.15-03.44.03:539][  0]LogConfig: Setting CVar [[r.Tonemapper.GrainQuantization:1]]
[2022.02.15-03.44.03:539][  0]LogConfig: Setting CVar [[r.LightShaftQuality:1]]
[2022.02.15-03.44.03:539][  0]LogConfig: Setting CVar [[r.Filter.SizeScale:1]]
[2022.02.15-03.44.03:539][  0]LogConfig: Setting CVar [[r.Tonemapper.Quality:5]]
[2022.02.15-03.44.03:539][  0]LogConfig: Setting CVar [[r.DOF.Gather.AccumulatorQuality:1        ; higher gathering accumulator quality]]
[2022.02.15-03.44.03:539][  0]LogConfig: Setting CVar [[r.DOF.Gather.PostfilterMethod:1          ; Median3x3 postfilering method]]
[2022.02.15-03.44.03:539][  0]LogConfig: Setting CVar [[r.DOF.Gather.EnableBokehSettings:0       ; no bokeh simulation when gathering]]
[2022.02.15-03.44.03:539][  0]LogConfig: Setting CVar [[r.DOF.Gather.RingCount:4                 ; medium number of samples when gathering]]
[2022.02.15-03.44.03:539][  0]LogConfig: Setting CVar [[r.DOF.Scatter.ForegroundCompositing:1    ; additive foreground scattering]]
[2022.02.15-03.44.03:539][  0]LogConfig: Setting CVar [[r.DOF.Scatter.BackgroundCompositing:2    ; additive background scattering]]
[2022.02.15-03.44.03:539][  0]LogConfig: Setting CVar [[r.DOF.Scatter.EnableBokehSettings:1      ; bokeh simulation when scattering]]
[2022.02.15-03.44.03:539][  0]LogConfig: Setting CVar [[r.DOF.Scatter.MaxSpriteRatio:0.1         ; only a maximum of 10% of scattered bokeh]]
[2022.02.15-03.44.03:539][  0]LogConfig: Setting CVar [[r.DOF.Recombine.Quality:1                ; cheap slight out of focus]]
[2022.02.15-03.44.03:539][  0]LogConfig: Setting CVar [[r.DOF.Recombine.EnableBokehSettings:0    ; no bokeh simulation on slight out of focus]]
[2022.02.15-03.44.03:539][  0]LogConfig: Setting CVar [[r.DOF.TemporalAAQuality:1                ; more stable temporal accumulation]]
[2022.02.15-03.44.03:539][  0]LogConfig: Setting CVar [[r.DOF.Kernel.MaxForegroundRadius:0.025]]
[2022.02.15-03.44.03:539][  0]LogConfig: Setting CVar [[r.DOF.Kernel.MaxBackgroundRadius:0.025]]
[2022.02.15-03.44.03:539][  0]LogConfig: Applying CVar settings from Section [TextureQuality@3] File [C:/Users/justi/Documents/GitHub/assignment-01-world-building-sheltem-dady-dawes-thomas/SheltemAssignment1/Saved/Config/Windows/Scalability.ini]
[2022.02.15-03.44.03:539][  0]LogConfig: Setting CVar [[r.Streaming.MipBias:0]]
[2022.02.15-03.44.03:539][  0]LogConfig: Setting CVar [[r.Streaming.AmortizeCPUToGPUCopy:0]]
[2022.02.15-03.44.03:539][  0]LogConfig: Setting CVar [[r.Streaming.MaxNumTexturesToStreamPerFrame:0]]
[2022.02.15-03.44.03:539][  0]LogConfig: Setting CVar [[r.Streaming.Boost:1]]
[2022.02.15-03.44.03:539][  0]LogConfig: Setting CVar [[r.MaxAnisotropy:8]]
[2022.02.15-03.44.03:539][  0]LogConfig: Setting CVar [[r.VT.MaxAnisotropy:8]]
[2022.02.15-03.44.03:539][  0]LogConfig: Setting CVar [[r.Streaming.LimitPoolSizeToVRAM:0]]
[2022.02.15-03.44.03:539][  0]LogConfig: Setting CVar [[r.Streaming.PoolSize:1000]]
[2022.02.15-03.44.03:539][  0]LogConfig: Setting CVar [[r.Streaming.MaxEffectiveScreenSize:0]]
[2022.02.15-03.44.03:540][  0]LogConfig: Applying CVar settings from Section [EffectsQuality@3] File [C:/Users/justi/Documents/GitHub/assignment-01-world-building-sheltem-dady-dawes-thomas/SheltemAssignment1/Saved/Config/Windows/Scalability.ini]
[2022.02.15-03.44.03:540][  0]LogConfig: Setting CVar [[r.TranslucencyLightingVolumeDim:64]]
[2022.02.15-03.44.03:540][  0]LogConfig: Setting CVar [[r.RefractionQuality:2]]
[2022.02.15-03.44.03:540][  0]LogConfig: Setting CVar [[r.SSR.Quality:3]]
[2022.02.15-03.44.03:540][  0]LogConfig: Setting CVar [[r.SSR.HalfResSceneColor:0]]
[2022.02.15-03.44.03:540][  0]LogConfig: Setting CVar [[r.SceneColorFormat:4]]
[2022.02.15-03.44.03:540][  0]LogConfig: Setting CVar [[r.DetailMode:2]]
[2022.02.15-03.44.03:540][  0]LogConfig: Setting CVar [[r.TranslucencyVolumeBlur:1]]
[2022.02.15-03.44.03:540][  0]LogConfig: Setting CVar [[r.MaterialQualityLevel:1 ; High quality]]
[2022.02.15-03.44.03:540][  0]LogConfig: Setting CVar [[r.AnisotropicMaterials:1]]
[2022.02.15-03.44.03:540][  0]LogConfig: Setting CVar [[r.SSS.Scale:1]]
[2022.02.15-03.44.03:540][  0]LogConfig: Setting CVar [[r.SSS.SampleSet:2]]
[2022.02.15-03.44.03:540][  0]LogConfig: Setting CVar [[r.SSS.Quality:1]]
[2022.02.15-03.44.03:540][  0]LogConfig: Setting CVar [[r.SSS.HalfRes:0]]
[2022.02.15-03.44.03:540][  0]LogConfig: Setting CVar [[r.SSGI.Quality:3]]
[2022.02.15-03.44.03:540][  0]LogConfig: Setting CVar [[r.EmitterSpawnRateScale:1.0]]
[2022.02.15-03.44.03:540][  0]LogConfig: Setting CVar [[r.ParticleLightQuality:2]]
[2022.02.15-03.44.03:540][  0]LogConfig: Setting CVar [[r.SkyAtmosphere.AerialPerspectiveLUT.FastApplyOnOpaque:1 ; Always have FastSkyLUT 1 in this case to avoid wrong sky]]
[2022.02.15-03.44.03:540][  0]LogConfig: Setting CVar [[r.SkyAtmosphere.AerialPerspectiveLUT.SampleCountMaxPerSlice:4]]
[2022.02.15-03.44.03:540][  0]LogConfig: Setting CVar [[r.SkyAtmosphere.AerialPerspectiveLUT.DepthResolution:16.0]]
[2022.02.15-03.44.03:540][  0]LogConfig: Setting CVar [[r.SkyAtmosphere.FastSkyLUT:1]]
[2022.02.15-03.44.03:540][  0]LogConfig: Setting CVar [[r.SkyAtmosphere.FastSkyLUT.SampleCountMin:4.0]]
[2022.02.15-03.44.03:540][  0]LogConfig: Setting CVar [[r.SkyAtmosphere.FastSkyLUT.SampleCountMax:128.0]]
[2022.02.15-03.44.03:540][  0]LogConfig: Setting CVar [[r.SkyAtmosphere.SampleCountMin:4.0]]
[2022.02.15-03.44.03:540][  0]LogConfig: Setting CVar [[r.SkyAtmosphere.SampleCountMax:128.0]]
[2022.02.15-03.44.03:540][  0]LogConfig: Setting CVar [[r.SkyAtmosphere.TransmittanceLUT.UseSmallFormat:0]]
[2022.02.15-03.44.03:540][  0]LogConfig: Setting CVar [[r.SkyAtmosphere.TransmittanceLUT.SampleCount:10.0]]
[2022.02.15-03.44.03:540][  0]LogConfig: Setting CVar [[r.SkyAtmosphere.MultiScatteringLUT.SampleCount:15.0]]
[2022.02.15-03.44.03:540][  0]LogConfig: Setting CVar [[r.SkyLight.RealTimeReflectionCapture:1]]
[2022.02.15-03.44.03:540][  0]LogConfig: Applying CVar settings from Section [FoliageQuality@3] File [C:/Users/justi/Documents/GitHub/assignment-01-world-building-sheltem-dady-dawes-thomas/SheltemAssignment1/Saved/Config/Windows/Scalability.ini]
[2022.02.15-03.44.03:540][  0]LogConfig: Setting CVar [[foliage.DensityScale:1.0]]
[2022.02.15-03.44.03:540][  0]LogConfig: Setting CVar [[grass.DensityScale:1.0]]
[2022.02.15-03.44.03:540][  0]LogConfig: Applying CVar settings from Section [ShadingQuality@3] File [C:/Users/justi/Documents/GitHub/assignment-01-world-building-sheltem-dady-dawes-thomas/SheltemAssignment1/Saved/Config/Windows/Scalability.ini]
[2022.02.15-03.44.03:540][  0]LogConfig: Setting CVar [[r.HairStrands.SkyLighting.IntegrationType:2]]
[2022.02.15-03.44.03:540][  0]LogConfig: Setting CVar [[r.HairStrands.SkyAO.SampleCount:4]]
[2022.02.15-03.44.03:540][  0]LogConfig: Setting CVar [[r.HairStrands.Visibility.MSAA.SamplePerPixel:4]]
[2022.02.15-03.44.03:540][  0]LogConfig: Applying CVar settings from Section [Startup] File [../../../Engine/Config/ConsoleVariables.ini]
[2022.02.15-03.44.03:541][  0]LogConfig: Setting CVar [[net.UseAdaptiveNetUpdateFrequency:0]]
[2022.02.15-03.44.03:541][  0]LogConfig: Setting CVar [[p.chaos.AllowCreatePhysxBodies:1]]
[2022.02.15-03.44.03:541][  0]LogConfig: Setting CVar [[fx.SkipVectorVMBackendOptimizations:1]]
[2022.02.15-03.44.03:541][  0]LogConfig: Applying CVar settings from Section [ConsoleVariables] File [C:/Users/justi/Documents/GitHub/assignment-01-world-building-sheltem-dady-dawes-thomas/SheltemAssignment1/Saved/Config/Windows/Engine.ini]
[2022.02.15-03.44.03:541][  0]LogConfig: Applying CVar settings from Section [ConsoleVariables] File [C:/Users/justi/Documents/GitHub/assignment-01-world-building-sheltem-dady-dawes-thomas/SheltemAssignment1/Saved/Config/Windows/Editor.ini]
[2022.02.15-03.44.03:541][  0]LogInit: Computer: JUSTIN-COMPUTER
[2022.02.15-03.44.03:541][  0]LogInit: User: justi
[2022.02.15-03.44.03:541][  0]LogInit: CPU Page size=4096, Cores=6
[2022.02.15-03.44.03:541][  0]LogInit: High frequency timer resolution =10.000000 MHz
[2022.02.15-03.44.03:541][  0]LogMemory: Memory total: Physical=15.8GB (16GB approx)
[2022.02.15-03.44.03:541][  0]LogMemory: Platform Memory Stats for Windows
[2022.02.15-03.44.03:541][  0]LogMemory: Process Physical Memory: 154.62 MB used, 154.62 MB peak
[2022.02.15-03.44.03:541][  0]LogMemory: Process Virtual Memory: 125.21 MB used, 125.21 MB peak
[2022.02.15-03.44.03:541][  0]LogMemory: Physical Memory: 10516.57 MB used,  5660.54 MB free, 16177.11 MB total
[2022.02.15-03.44.03:541][  0]LogMemory: Virtual Memory: 134205512.00 MB used,  12218.12 MB free, 134217728.00 MB total
[2022.02.15-03.44.03:550][  0]LogWindows: WindowsPlatformFeatures enabled
[2022.02.15-03.44.03:673][  0]LogInit: Physics initialised using underlying interface: PhysX
[2022.02.15-03.44.03:675][  0]LogInit: Using OS detected language (en-US).
[2022.02.15-03.44.03:675][  0]LogInit: Using OS detected locale (en-US).
[2022.02.15-03.44.03:677][  0]LogTextLocalizationManager: No specific localization for 'en-US' exists, so the 'en' localization will be used.
[2022.02.15-03.44.04:054][  0]LogInit: Setting process to per monitor DPI aware
[2022.02.15-03.44.04:072][  0]LogWindowsTextInputMethodSystem: Display: IME system deactivated.
[2022.02.15-03.44.04:097][  0]LogSlate: New Slate User Created.  User Index 0, Is Virtual User: 0
[2022.02.15-03.44.04:097][  0]LogSlate: Slate User Registered.  User Index 0, Is Virtual User: 0
[2022.02.15-03.44.04:492][  0]LogD3D11RHI: Loaded GFSDK_Aftermath_Lib.x64.dll
[2022.02.15-03.44.04:600][  0]LogHMD: Failed to initialize OpenVR with code 110
[2022.02.15-03.44.04:601][  0]LogD3D11RHI: D3D11 min allowed feature level: 11_0
[2022.02.15-03.44.04:601][  0]LogD3D11RHI: D3D11 max allowed feature level: 11_0
[2022.02.15-03.44.04:601][  0]LogD3D11RHI: D3D11 adapters:
[2022.02.15-03.44.04:742][  0]LogD3D11RHI:    0. 'NVIDIA GeForce GTX 1060 with Max-Q Design' (Feature Level 11_0)
[2022.02.15-03.44.04:742][  0]LogD3D11RHI:       6052/0/8088 MB DedicatedVideo/DedicatedSystem/SharedSystem, Outputs:1, VendorId:0x10de
[2022.02.15-03.44.04:780][  0]LogD3D11RHI:    1. 'Intel(R) UHD Graphics 630' (Feature Level 11_0)
[2022.02.15-03.44.04:780][  0]LogD3D11RHI:       128/0/8088 MB DedicatedVideo/DedicatedSystem/SharedSystem, Outputs:0, VendorId:0x8086
[2022.02.15-03.44.04:786][  0]LogD3D11RHI:    2. 'Microsoft Basic Render Driver' (Feature Level 11_0)
[2022.02.15-03.44.04:786][  0]LogD3D11RHI:       0/0/8088 MB DedicatedVideo/DedicatedSystem/SharedSystem, Outputs:0, VendorId:0x1414
[2022.02.15-03.44.04:786][  0]LogD3D11RHI: Chosen D3D11 Adapter:
[2022.02.15-03.44.04:786][  0]LogD3D11RHI:     Description : NVIDIA GeForce GTX 1060 with Max-Q Design
[2022.02.15-03.44.04:786][  0]LogD3D11RHI:     VendorId    : 10de
[2022.02.15-03.44.04:786][  0]LogD3D11RHI:     DeviceId    : 1c20
[2022.02.15-03.44.04:786][  0]LogD3D11RHI:     SubSysId    : 8251028
[2022.02.15-03.44.04:786][  0]LogD3D11RHI:     Revision    : 00a1
[2022.02.15-03.44.04:786][  0]LogD3D11RHI:     DedicatedVideoMemory : 6345981952 bytes
[2022.02.15-03.44.04:786][  0]LogD3D11RHI:     DedicatedSystemMemory : 0 bytes
[2022.02.15-03.44.04:786][  0]LogD3D11RHI:     SharedSystemMemory : 8481464320 bytes
[2022.02.15-03.44.04:786][  0]LogD3D11RHI:     AdapterLuid : 0 66835
[2022.02.15-03.44.04:797][  0]LogD3D11RHI: Creating new Direct3DDevice
[2022.02.15-03.44.04:797][  0]LogD3D11RHI:     GPU DeviceId: 0x1c20 (for the marketing name, search the web for "GPU Device Id")
[2022.02.15-03.44.04:797][  0]LogWindows: EnumDisplayDevices:
[2022.02.15-03.44.04:797][  0]LogWindows:    0. 'Intel(R) UHD Graphics 630' (P:1 D:1)
[2022.02.15-03.44.04:797][  0]LogWindows:    1. 'Intel(R) UHD Graphics 630' (P:0 D:0)
[2022.02.15-03.44.04:798][  0]LogWindows:    2. 'Intel(R) UHD Graphics 630' (P:0 D:0)
[2022.02.15-03.44.04:798][  0]LogWindows:    3. 'NVIDIA GeForce GTX 1060 with Max-Q Design' (P:0 D:0)
[2022.02.15-03.44.04:798][  0]LogWindows: DebugString: PrimaryIsNotTheChoosenAdapter PrimaryIsNotTheChoosenAdapter PrimaryIsNotTheChoosenAdapter 
[2022.02.15-03.44.04:798][  0]LogD3D11RHI:     Adapter Name: NVIDIA GeForce GTX 1060 with Max-Q Design
[2022.02.15-03.44.04:798][  0]LogD3D11RHI:   Driver Version: 511.65 (internal:30.0.15.1165, unified:511.65)
[2022.02.15-03.44.04:798][  0]LogD3D11RHI:      Driver Date: 1-28-2022
[2022.02.15-03.44.04:798][  0]LogRHI: Texture pool is 4236 MB (70% of 6052 MB)
[2022.02.15-03.44.04:798][  0]LogD3D11RHI: Creating D3DDevice using adapter:
[2022.02.15-03.44.04:798][  0]LogD3D11RHI:     Description : NVIDIA GeForce GTX 1060 with Max-Q Design
[2022.02.15-03.44.04:798][  0]LogD3D11RHI:     VendorId    : 10de
[2022.02.15-03.44.04:798][  0]LogD3D11RHI:     DeviceId    : 1c20
[2022.02.15-03.44.04:798][  0]LogD3D11RHI:     SubSysId    : 8251028
[2022.02.15-03.44.04:798][  0]LogD3D11RHI:     Revision    : 00a1
[2022.02.15-03.44.04:798][  0]LogD3D11RHI:     DedicatedVideoMemory : 6345981952 bytes
[2022.02.15-03.44.04:798][  0]LogD3D11RHI:     DedicatedSystemMemory : 0 bytes
[2022.02.15-03.44.04:798][  0]LogD3D11RHI:     SharedSystemMemory : 8481464320 bytes
[2022.02.15-03.44.04:798][  0]LogD3D11RHI:     AdapterLuid : 0 66835
[2022.02.15-03.44.04:882][  0]LogD3D11RHI: RHI has support for 64 bit atomics
[2022.02.15-03.44.04:883][  0]LogD3D11RHI: Async texture creation enabled
[2022.02.15-03.44.04:883][  0]LogD3D11RHI: Array index from any shader is supported
[2022.02.15-03.44.04:906][  0]LogD3D11RHI: GPU Timing Frequency: 1000.000000 (Debug: 2 1)
[2022.02.15-03.44.04:999][  0]LogRHI: GeForceNow SDK initialized: 1
[2022.02.15-03.44.05:454][  0]LogTargetPlatformManager: Display: Loaded TargetPlatform 'AllDesktop'
[2022.02.15-03.44.05:479][  0]LogTargetPlatformManager: Display: Loaded TargetPlatform 'Android'
[2022.02.15-03.44.05:479][  0]LogTargetPlatformManager: Display: Loaded TargetPlatform 'Android_ASTC'
[2022.02.15-03.44.05:479][  0]LogTargetPlatformManager: Display: Loaded TargetPlatform 'Android_DXT'
[2022.02.15-03.44.05:479][  0]LogTargetPlatformManager: Display: Loaded TargetPlatform 'Android_ETC2'
[2022.02.15-03.44.05:479][  0]LogTargetPlatformManager: Display: Loaded TargetPlatform 'AndroidClient'
[2022.02.15-03.44.05:479][  0]LogTargetPlatformManager: Display: Loaded TargetPlatform 'Android_ASTCClient'
[2022.02.15-03.44.05:479][  0]LogTargetPlatformManager: Display: Loaded TargetPlatform 'Android_DXTClient'
[2022.02.15-03.44.05:479][  0]LogTargetPlatformManager: Display: Loaded TargetPlatform 'Android_ETC2Client'
[2022.02.15-03.44.05:479][  0]LogTargetPlatformManager: Display: Loaded TargetPlatform 'Android_Multi'
[2022.02.15-03.44.05:479][  0]LogTargetPlatformManager: Display: Loaded TargetPlatform 'Android_MultiClient'
[2022.02.15-03.44.05:503][  0]LogTargetPlatformManager: Display: Loaded TargetPlatform 'IOSClient'
[2022.02.15-03.44.05:503][  0]LogTargetPlatformManager: Display: Loaded TargetPlatform 'IOS'
[2022.02.15-03.44.05:515][  0]LogTargetPlatformManager: Display: Loaded TargetPlatform 'Linux'
[2022.02.15-03.44.05:522][  0]LogTargetPlatformManager: Display: Loaded TargetPlatform 'LinuxNoEditor'
[2022.02.15-03.44.05:528][  0]LogTargetPlatformManager: Display: Loaded TargetPlatform 'LinuxClient'
[2022.02.15-03.44.05:534][  0]LogTargetPlatformManager: Display: Loaded TargetPlatform 'LinuxServer'
[2022.02.15-03.44.05:547][  0]LogTargetPlatformManager: Display: Loaded TargetPlatform 'LinuxAArch64NoEditor'
[2022.02.15-03.44.05:554][  0]LogTargetPlatformManager: Display: Loaded TargetPlatform 'LinuxAArch64Client'
[2022.02.15-03.44.05:561][  0]LogTargetPlatformManager: Display: Loaded TargetPlatform 'LinuxAArch64Server'
[2022.02.15-03.44.05:590][  0]LogTargetPlatformManager: Display: Loaded TargetPlatform 'Lumin'
[2022.02.15-03.44.05:590][  0]LogTargetPlatformManager: Display: Loaded TargetPlatform 'LuminClient'
[2022.02.15-03.44.05:602][  0]LogTargetPlatformManager: Display: Loaded TargetPlatform 'MacNoEditor'
[2022.02.15-03.44.05:609][  0]LogTargetPlatformManager: Display: Loaded TargetPlatform 'Mac'
[2022.02.15-03.44.05:615][  0]LogTargetPlatformManager: Display: Loaded TargetPlatform 'MacClient'
[2022.02.15-03.44.05:622][  0]LogTargetPlatformManager: Display: Loaded TargetPlatform 'MacServer'
[2022.02.15-03.44.05:634][  0]LogTargetPlatformManager: Display: Loaded TargetPlatform 'TVOSClient'
[2022.02.15-03.44.05:634][  0]LogTargetPlatformManager: Display: Loaded TargetPlatform 'TVOS'
[2022.02.15-03.44.05:648][  0]LogTargetPlatformManager: Display: Loaded TargetPlatform 'WindowsNoEditor'
[2022.02.15-03.44.05:657][  0]LogTargetPlatformManager: Display: Loaded TargetPlatform 'Windows'
[2022.02.15-03.44.05:664][  0]LogTargetPlatformManager: Display: Loaded TargetPlatform 'WindowsClient'
[2022.02.15-03.44.05:671][  0]LogTargetPlatformManager: Display: Loaded TargetPlatform 'WindowsServer'
[2022.02.15-03.44.05:671][  0]LogTargetPlatformManager: Display: Building Assets For Windows
[2022.02.15-03.44.05:688][  0]LogAudioDebug: Display: Lib vorbis DLL was dynamically loaded.
[2022.02.15-03.44.05:745][  0]LogTextureFormatOodle: Display: Oodle Texture 2.9.0 init RDO Off
[2022.02.15-03.44.05:808][  0]LogRendererCore: Ray tracing is disabled. Reason: r.RayTracing=0.
[2022.02.15-03.44.05:808][  0]LogShaderCompilers: Guid format shader working directory is -60 characters bigger than the processId version (C:/Users/justi/Documents/GitHub/assignment-01-world-building-sheltem-dady-dawes-thomas/SheltemAssignment1/Intermediate/Shaders/WorkingDirectory/33804/).
[2022.02.15-03.44.05:808][  0]LogShaderCompilers: Cleaned the shader compiler working directory 'C:/Users/justi/AppData/Local/Temp/UnrealShaderWorkingDir/9104072D471D74DDECDCB781244071DC/'.
[2022.02.15-03.44.05:808][  0]LogXGEController: Cannot use XGE Controller as Incredibuild is not installed on this machine.
[2022.02.15-03.44.05:808][  0]LogShaderCompilers: Cannot use XGE Shader Compiler as Incredibuild is not installed on this machine.
[2022.02.15-03.44.05:808][  0]LogShaderCompilers: Display: Using Local Shader Compiler.
[2022.02.15-03.44.06:855][  0]LogDerivedDataCache: Display: Max Cache Size: 512 MB
[2022.02.15-03.44.06:919][  0]LogDerivedDataCache: Loaded boot cache 0.06s 96MB C:/Users/justi/AppData/Local/UnrealEngine/4.27/DerivedDataCache/Boot.ddc.
[2022.02.15-03.44.06:920][  0]LogDerivedDataCache: Display: Loaded Boot cache: C:/Users/justi/AppData/Local/UnrealEngine/4.27/DerivedDataCache/Boot.ddc
[2022.02.15-03.44.06:920][  0]LogDerivedDataCache: FDerivedDataBackendGraph:  Pak pak cache file C:/Users/justi/Documents/GitHub/assignment-01-world-building-sheltem-dady-dawes-thomas/SheltemAssignment1/DerivedDataCache/DDC.ddp not found, will not use a pak cache.
[2022.02.15-03.44.06:920][  0]LogDerivedDataCache: Unable to find inner node Pak for hierarchical cache Hierarchy.
[2022.02.15-03.44.06:920][  0]LogDerivedDataCache: FDerivedDataBackendGraph:  CompressedPak pak cache file C:/Users/justi/Documents/GitHub/assignment-01-world-building-sheltem-dady-dawes-thomas/SheltemAssignment1/DerivedDataCache/Compressed.ddp not found, will not use a pak cache.
[2022.02.15-03.44.06:920][  0]LogDerivedDataCache: Unable to find inner node CompressedPak for hierarchical cache Hierarchy.
[2022.02.15-03.44.06:938][  0]LogDerivedDataCache: Display: Pak cache opened for reading ../../../Engine/DerivedDataCache/Compressed.ddp.
[2022.02.15-03.44.06:938][  0]LogDerivedDataCache: FDerivedDataBackendGraph:  EnterprisePak pak cache file ../../../Enterprise/DerivedDataCache/Compressed.ddp not found, will not use a pak cache.
[2022.02.15-03.44.06:938][  0]LogDerivedDataCache: Unable to find inner node EnterprisePak for hierarchical cache Hierarchy.
[2022.02.15-03.44.06:962][  0]LogDerivedDataCache: Speed tests for C:/Users/justi/AppData/Local/UnrealEngine/Common/DerivedDataCache took 0.02 seconds
[2022.02.15-03.44.06:962][  0]LogDerivedDataCache: Display: Performance to C:/Users/justi/AppData/Local/UnrealEngine/Common/DerivedDataCache: Latency=0.03ms. RandomReadSpeed=144.12MBs, RandomWriteSpeed=56.22MBs. Assigned SpeedClass 'Local'
[2022.02.15-03.44.06:962][  0]LogDerivedDataCache: Using Local data cache path C:/Users/justi/AppData/Local/UnrealEngine/Common/DerivedDataCache: Writable
[2022.02.15-03.44.06:963][  0]LogDerivedDataCache: Shared data cache path not found in *engine.ini, will not use an Shared cache.
[2022.02.15-03.44.06:963][  0]LogDerivedDataCache: Unable to find inner node Shared for hierarchical cache Hierarchy.
[2022.02.15-03.44.07:014][  0]LogSlate: Using FreeType 2.10.0
[2022.02.15-03.44.07:018][  0]LogSlate: SlateFontServices - WITH_FREETYPE: 1, WITH_HARFBUZZ: 1
[2022.02.15-03.44.07:051][  0]LogAssetRegistry: FAssetRegistry took 0.0031 seconds to start up
[2022.02.15-03.44.07:323][  0]LogInit: Selected Device Profile: [Windows]
[2022.02.15-03.44.07:323][  0]LogInit: Active device profile: [0000022C0D7A1300][0000022C0B30D840 49] Windows
[2022.02.15-03.44.07:324][  0]LogInit: Profiles: [0000022C0D7A1300][0000022C0B30D840 49] Windows, [0000022C0D752E00][0000022C063EDB00 49] WindowsNoEditor, [0000022C0D7A2500][0000022C063F0240 49] WindowsServer, [0000022C0D753D00][0000022C063F4500 49] WindowsClient, [0000022C0D7A3300][0000022C063F87C0 49] IOS, [0000022C0D751100][0000022C063FCA80 49] iPadAir, [0000022C0D7A3B00][0000022C06400D40 49] iPadAir2, [0000022C0E6F1E00][0000022C06411200 49] IPadPro, [0000022C0E6F1F00][0000022C063E9240 49] iPadAir3, [0000022C0D751800][0000022C0640D500 49] iPadAir4, [0000022C0E6F2E00][0000022C064097C0 49] iPadMini2, [0000022C0D753300][0000022C06415A80 49] iPadMini3, [0000022C0E6F3900][0000022C064181C0 49] iPadMini4, [0000022C0D751200][0000022C0641C480 49] iPadMini5, [0000022C0E6FD400][0000022C0B0129C0 49] iPhone6, [0000022C0E6FD500][0000022C06420A00 49] iPodTouch6, [0000022C0D7A2A00][0000022C0B01AF40 49] iPhone7, [0000022C0D7A2B00][0000022C0B00AF80 49] iPodTouch7, [0000022C0E6F3E00][0000022C06405200 49] iPhone5S, [0000022C0D7A1400][0000022C0B00F480 49] iPhone6Plus, [0000022C0E6F1600][0000022C0B017740 49] iPhone6S, [0000022C0D7A1000][0000022C0B01FA00 49] iPhone6SPlus, [0000022C0E6F1400][0000022C0B022180 49] iPhone7Plus, [0000022C0D7A2400][0000022C0B026440 49] iPhoneSE, [0000022C0E6F1300][0000022C0B02A700 49] iPhone8, [0000022C0D7A0400][0000022C0B02E9C0 49] iPhone8Plus, [0000022C0D7A3F00][0000022C0B032C80 49] iPhoneX, [0000022C0E6FC600][0000022C0B036F40 49] iPhoneXS, [0000022C0D7A3000][0000022C0B03B200 49] iPhoneXSMax, [0000022C0E6FCC00][0000022C0B007480 49] iPhoneXR, [0000022C0D7A0C00][0000022C0B03F700 49] iPhone11, [0000022C0E6FCE00][0000022C0B0479C0 49] iPhone11Pro, [0000022C0E6FC400][0000022C0B04A100 49] iPhone11ProMax, [0000022C0E6F1A00][0000022C0B04E3C0 49] iPhoneSE2, [0000022C0E6FDB00][0000022C0D5CC680 49] iPhone12Mini, [0000022C0E6F3700][0000022C0D5D0940 49] iPhone12, [0000022C0E6FDE00][0000022C0D5D4C00 49] iPhone12Pro, [0000022C0E6F3000][0000022C0D5D8EC0 49] iPhone12ProMax, [0000022C0E6FE700][0000022C0D5DD180 49] iPadPro105, [0000022C0E6F3400][0000022C0D5E1440 49] iPadPro129, [0000022C0D7A3C00][0000022C0B0436C0 49] iPadPro97, [0000022C0E6F3C00][0000022C0D5E5940 49] iPadPro2_129, [0000022C0D7A1F00][0000022C0D5EDC00 49] iPad5, [0000022C0E6F0400][0000022C0D5F0340 49] iPad6, [0000022C0D7A3700][0000022C0D5F4600 49] iPad7, [0000022C0E6F2300][0000022C0D5F88C0 49] iPad8, [0000022C0D7A3600][0000022C0D5FCB80 49] iPadPro11, [0000022C0E6F1C00][0000022C0D600E40 49] iPadPro2_11, [0000022C0D7A2100][0000022C0D605100 49] iPadPro3_129, [0000022C0E6F0D00][0000022C0D6093C0 49] iPadPro4_129, [0000022C0D7A0500][0000022C0D60D680 49] AppleTV, [0000022C0E6F1900][0000022C0D5E9900 49] AppleTV4K, [0000022C0D7A2E00][0000022C0D611B80 49] TVOS, [0000022C0E6F3A00][0000022C0D6182C0 49] Mac, [0000022C0D7A0200][0000022C0D61C580 49] MacClient, [0000022C0E6F0300][0000022C0D620840 49] MacNoEditor, [0000022C0D7A0600][0000022C0D624B00 49] MacServer, [0000022C0E6F3800][0000022C0D628DC0 49] Linux, [0000022C0D7A0900][0000022C0D62D080 49] LinuxAArch64, [0000022C0E6F0100][0000022C0D631340 49] LinuxNoEditor, [0000022C0D7A0D00][0000022C0D635600 49] LinuxAArch64NoEditor, [0000022C0E6F3100][0000022C0D6398C0 49] LinuxClient, [0000022C0D7A1E00][0000022C0D615B40 49] LinuxAArch64Client, [0000022C0E6F2700][0000022C0D63C240 49] LinuxServer, [0000022C0D7A2600][0000022C0D644500 49] LinuxAArch64Server, [0000022C0E6F2C00][0000022C0D6487C0 49] Android, [0000022C0D7A1500][0000022C0D64CA80 49] Android_Low, [0000022C0E6F3B00][0000022C0D650D40 49] Android_Mid, [0000022C0D7A2800][0000022C0D655000 49] Android_High, [0000022C0E6F0B00][0000022C0D6592C0 49] Android_Default, [0000022C0D7A3E00][0000022C0D65D580 49] Android_Adreno4xx, [0000022C0E6F1000][0000022C0D661840 49] Android_Adreno5xx_Low, [0000022C0D7A3800][0000022C0D665B00 49] Android_Adreno5xx, [0000022C0E6F0800][0000022C0D640200 49] Android_Adreno6xx, [0000022C0D7A2200][0000022C0D66C4C0 49] Android_Adreno6xx_Vulkan, [0000022C0E6F1B00][0000022C0D670780 49] Android_Mali_T6xx, [0000022C0D7A2000][0000022C0D674A40 49] Android_Mali_T7xx, [0000022C0E6F0500][0000022C0D678D00 49] Android_Mali_T8xx, [0000022C0D7A0B00][0000022C0D67CFC0 49] Android_Mali_G71, [0000022C0E6F2500][0000022C0D681280 49] Android_Mali_G72, [0000022C0D7A3900][0000022C0D685540 49] Android_Mali_G72_Vulkan, [0000022C0E6F2800][0000022C0D689800 49] Android_Mali_G76, [0000022C0D7A0A00][0000022C0D68DAC0 49] Android_Mali_G76_Vulkan, [0000022C0E6F2100][0000022C0D6681C0 49] Android_Mali_G77, [0000022C0D7A0F00][0000022C0D690440 49] Android_Mali_G77_Vulkan, [0000022C0E6FF500][0000022C0D698700 49] Android_Mali_G78, [0000022C0D750900][0000022C0D70E9C0 49] Android_Mali_G78_Vulkan, [0000022C0E6FF400][0000022C0D716C80 49] Android_Mali_G710, [0000022C0D750E00][0000022C0017AF40 49] Android_Mali_G710_Vulkan, [0000022C0E6FF900][0000022C7E185200 49] Android_Vulkan_SM5, [0000022C0D752500][0000022C7E1A14C0 49] Android_PowerVR_G6xxx, [0000022C0E6FD800][0000022C7E1A5780 49] Android_PowerVR_GT7xxx, [0000022C0D753600][0000022C7E1ADA40 49] Android_PowerVR_GE8xxx, [0000022C0E6FEA00][0000022C7E1BC180 49] Android_PowerVR_GM9xxx, [0000022C0D752200][0000022C0D694400 49] Android_PowerVR_GM9xxx_Vulkan, [0000022C0E6FDA00][0000022C0D6AC680 49] Android_TegraK1, [0000022C0D753000][0000022C0D6B4940 49] Android_Unknown_Vulkan, [0000022C0E6FC100][0000022C0D6BCC00 49] Lumin, [0000022C0D751A00][0000022C0D6ECEC0 49] Lumin_Desktop, [0000022C0E6FF300][0000022C0D701180 49] HoloLens, 
[2022.02.15-03.44.07:498][  0]LogMeshReduction: Using QuadricMeshReduction for automatic static mesh reduction
[2022.02.15-03.44.07:498][  0]LogMeshReduction: Using SimplygonMeshReduction for automatic skeletal mesh reduction
[2022.02.15-03.44.07:498][  0]LogMeshReduction: Using ProxyLODMeshReduction for automatic mesh merging
[2022.02.15-03.44.07:498][  0]LogMeshReduction: No distributed automatic mesh merging module available
[2022.02.15-03.44.07:498][  0]LogMeshMerging: No distributed automatic mesh merging module available
[2022.02.15-03.44.07:521][  0]LogNetVersion: SheltemAssignment1 1.0.0, NetCL: 17155196, EngineNetVer: 17, GameNetVer: 0 (Checksum: 1239818862)
[2022.02.15-03.44.08:040][  0]LogTexture: Default maximum texture size for cubemaps generated from long-lat sources has been changed from 512 to unlimited. In order to preserve old behaiour for '/Engine/MapTemplates/Sky/DaylightAmbientCubemap.DaylightAmbientCubemap', its maximum texture size has been explicitly set to 512.
[2022.02.15-03.44.08:109][  0]LogHMD: PokeAHoleMaterial loaded successfully
[2022.02.15-03.44.08:118][  0]LogUObjectArray: 17178 objects as part of root set at end of initial load.
[2022.02.15-03.44.08:118][  0]LogUObjectAllocator: 4302048 out of 0 bytes used by permanent object pool.
[2022.02.15-03.44.08:118][  0]LogUObjectArray: CloseDisregardForGC: 0/0 objects in disregard for GC pool
[2022.02.15-03.44.08:355][  0]LogNiagaraDebuggerClient: Niagara Debugger Client Initialized | Session: 33C3C01046FE17F23DA3A1A858F6B74E | Instance: 93A6D87143E4AED6A8079F8A869BF1A9 (JUSTIN-COMPUTER-33804).
[2022.02.15-03.44.08:673][  0]LogPython: Using Python 3.7.7
[2022.02.15-03.44.09:344][  0]LogTcpMessaging: Initializing TcpMessaging bridge
[2022.02.15-03.44.09:350][  0]LogUdpMessaging: Initializing bridge on interface 0.0.0.0:0 to multicast group 230.0.0.1:6666.
[2022.02.15-03.44.09:572][  0]SourceControl: Source control is disabled
[2022.02.15-03.44.09:572][  0]SourceControl: Source control is disabled
[2022.02.15-03.44.09:578][  0]SourceControl: Source control is disabled
[2022.02.15-03.44.09:582][  0]SourceControl: Source control is disabled
[2022.02.15-03.44.09:595][  0]SourceControl: Source control is disabled
[2022.02.15-03.44.09:599][  0]LogUProjectInfo: Found projects:
[2022.02.15-03.44.09:919][  0]LogOpenImageDenoise: OIDN starting up
[2022.02.15-03.44.09:937][  0]LogAndroidPermission: UAndroidPermissionCallbackProxy::GetInstance
[2022.02.15-03.44.09:973][  0]LogAudioCaptureCore: Display: No Audio Capture implementations found. Audio input will be silent.
[2022.02.15-03.44.09:973][  0]LogAudioCaptureCore: Display: No Audio Capture implementations found. Audio input will be silent.
[2022.02.15-03.44.10:137][  0]LogCollectionManager: Loaded 0 collections in 0.000698 seconds
[2022.02.15-03.44.10:170][  0]LogFileCache: Scanning file cache for directory 'C:/Users/justi/Documents/GitHub/assignment-01-world-building-sheltem-dady-dawes-thomas/SheltemAssignment1/Saved/Collections/' took 0.00s
[2022.02.15-03.44.10:170][  0]LogFileCache: Scanning file cache for directory 'C:/Users/justi/Documents/GitHub/assignment-01-world-building-sheltem-dady-dawes-thomas/SheltemAssignment1/Content/Developers/justi/Collections/' took 0.00s
[2022.02.15-03.44.10:170][  0]LogFileCache: Scanning file cache for directory 'C:/Users/justi/Documents/GitHub/assignment-01-world-building-sheltem-dady-dawes-thomas/SheltemAssignment1/Content/Collections/' took 0.00s
[2022.02.15-03.44.10:170][  0]LogOcInput: OculusInput pre-init called
[2022.02.15-03.44.10:526][  0]LogEngine: Initializing Engine...
[2022.02.15-03.44.10:530][  0]LogHMD: Failed to enumerate extensions. Please check that you have a valid OpenXR runtime installed.
[2022.02.15-03.44.10:530][  0]LogHMD: Failed to initialize OpenVR with code 110
[2022.02.15-03.44.10:530][  0]LogMagicLeap: Warning: VR disabled because ZI is not enabled.  To enable, in the editor, Edit -> Project Settings -> Plugins -> Magic Leap Plugin -> Enable Zero Iteration
[2022.02.15-03.44.10:531][  0]LogStats: UGameplayTagsManager::InitializeManager -  0.000 s
[2022.02.15-03.44.10:690][  0]LogInit: Initializing FReadOnlyCVARCache
[2022.02.15-03.44.10:700][  0]LogAIModule: Creating AISystem for world Untitled
[2022.02.15-03.44.10:701][  0]LogAudio: Display: Initializing Audio Device Manager...
[2022.02.15-03.44.10:706][  0]LogAudio: Display: Loading Default Audio Settings Objects...
[2022.02.15-03.44.10:706][  0]LogAudio: Display: No default SoundConcurrencyObject specified (or failed to load).
[2022.02.15-03.44.10:706][  0]LogAudio: Display: Audio Device Manager Initialized
[2022.02.15-03.44.10:706][  0]LogAudio: Display: Creating Audio Device:                 Id: 1, Scope: Shared, Realtime: True
[2022.02.15-03.44.10:706][  0]LogAudioMixer: Display: Audio Mixer Platform Settings:
[2022.02.15-03.44.10:706][  0]LogAudioMixer: Display: 	Sample Rate:						  48000
[2022.02.15-03.44.10:707][  0]LogAudioMixer: Display: 	Callback Buffer Frame Size Requested: 1024
[2022.02.15-03.44.10:707][  0]LogAudioMixer: Display: 	Callback Buffer Frame Size To Use:	  1024
[2022.02.15-03.44.10:707][  0]LogAudioMixer: Display: 	Number of buffers to queue:			  2
[2022.02.15-03.44.10:707][  0]LogAudioMixer: Display: 	Max Channels (voices):				  32
[2022.02.15-03.44.10:707][  0]LogAudioMixer: Display: 	Number of Async Source Workers:		  0
[2022.02.15-03.44.10:707][  0]LogAudio: Display: AudioDevice MaxSources: 32
[2022.02.15-03.44.10:707][  0]LogAudio: Display: Audio Spatialization Plugin: None (built-in).
[2022.02.15-03.44.10:707][  0]LogAudio: Display: Audio Reverb Plugin: None (built-in).
[2022.02.15-03.44.10:707][  0]LogAudio: Display: Audio Occlusion Plugin: None (built-in).
[2022.02.15-03.44.10:707][  0]LogAudioMixer: Display: Initializing audio mixer.
[2022.02.15-03.44.10:747][  0]LogAudioMixer: Display: 0: FrontLeft
[2022.02.15-03.44.10:747][  0]LogAudioMixer: Display: 1: FrontRight
[2022.02.15-03.44.10:781][  0]LogAudioMixer: Display: Using Audio Device Headphones (Crusher Wireless)
[2022.02.15-03.44.10:781][  0]LogAudioMixer: Display: Initializing Sound Submixes...
[2022.02.15-03.44.10:788][  0]LogAudioMixer: Display: Creating Master Submix 'MasterSubmixDefault'
[2022.02.15-03.44.10:788][  0]LogAudioMixer: Display: Creating Master Submix 'MasterReverbSubmixDefault'
[2022.02.15-03.44.10:789][  0]LogAudioMixer: Display: Creating Master Submix 'MasterEQSubmixDefault'
[2022.02.15-03.44.10:789][  0]LogAudioMixer: FMixerPlatformXAudio2::StartAudioStream() called
[2022.02.15-03.44.10:789][  0]LogAudioMixer: Display: Output buffers initialized: Frames=1024, Channels=2, Samples=2048
[2022.02.15-03.44.10:790][  0]LogAudioMixer: Display: Starting AudioMixerPlatformInterface::RunInternal()
[2022.02.15-03.44.10:790][  0]LogAudioMixer: Display: FMixerPlatformXAudio2::SubmitBuffer() called for the first time
[2022.02.15-03.44.10:790][  0]LogInit: FAudioDevice initialized.
[2022.02.15-03.44.10:790][  0]LogAudio: Display: Audio Device (ID: 1) registered with world 'Untitled'.
[2022.02.15-03.44.10:790][  0]LogNetVersion: Set ProjectVersion to 1.0.0.0. Version Checksum will be recalculated on next use.
[2022.02.15-03.44.10:846][  0]LogDerivedDataCache: Saved boot cache 0.06s 94MB C:/Users/justi/AppData/Local/UnrealEngine/4.27/DerivedDataCache/Boot.ddc.
[2022.02.15-03.44.10:847][  0]LogInit: Texture streaming: Enabled
[2022.02.15-03.44.10:863][  0]LogAnalytics: Display: [UEEditor.Rocket.Release] APIServer = https://datarouter.ol.epicgames.com/. AppVersion = 4.27.2-18319896+++UE4+Release-4.27
[2022.02.15-03.44.10:878][  0]LogEngineSessionManager: EngineSessionManager initialized
[2022.02.15-03.44.10:879][  0]LogEngineSessionManager: EngineSessionManager sent abnormal shutdown report. Type=AbnormalShutdown, SessionId={0D53DCED-496A-5B1A-1921-B99ABD9E7343}
[2022.02.15-03.44.10:879][  0]LogEditorSessionSummary: Verbose: Initializing EditorSessionSummaryWriter for editor session tracking
[2022.02.15-03.44.10:892][  0]LogEditorSessionSummary: EditorSessionSummaryWriter initialized
[2022.02.15-03.44.10:939][  0]LogInit: Transaction tracking system initialized
[2022.02.15-03.44.10:969][  0]BlueprintLog: New page: Editor Load
[2022.02.15-03.44.11:066][  0]LocalizationService: Localization service is disabled
[2022.02.15-03.44.11:104][  0]TimingProfiler: Initialize
[2022.02.15-03.44.11:104][  0]TimingProfiler: OnSessionChanged
[2022.02.15-03.44.11:104][  0]LoadingProfiler: Initialize
[2022.02.15-03.44.11:104][  0]LoadingProfiler: OnSessionChanged
[2022.02.15-03.44.11:104][  0]NetworkingProfiler: Initialize
[2022.02.15-03.44.11:104][  0]NetworkingProfiler: OnSessionChanged
[2022.02.15-03.44.11:104][  0]MemoryProfiler: Initialize
[2022.02.15-03.44.11:104][  0]MemoryProfiler: OnSessionChanged
[2022.02.15-03.44.11:332][  0]LogCook: Display: CookSettings for Memory: MemoryMaxUsedVirtual 0MiB, MemoryMaxUsedPhysical 16384MiB, MemoryMinFreeVirtual 0MiB, MemoryMinFreePhysical 1024MiB
[2022.02.15-03.44.11:332][  0]LogCook: Display: Mobile HDR setting 1
[2022.02.15-03.44.11:569][  0]LogFileCache: Scanning file cache for directory 'C:/Users/justi/Documents/GitHub/assignment-01-world-building-sheltem-dady-dawes-thomas/SheltemAssignment1/Content/' took 0.00s
[2022.02.15-03.44.11:907][  0]LogInit: Display: Engine is initialized. Leaving FEngineLoop::Init()
[2022.02.15-03.44.11:915][  0]SourceControl: Source control is disabled
[2022.02.15-03.44.11:915][  0]LogUnrealEdMisc: Loading editor; pre map load, took 10.053
[2022.02.15-03.44.11:915][  0]LightingResults: New page: Lighting Build
[2022.02.15-03.44.11:917][  0]LogWorld: UWorld::CleanupWorld for Untitled, bSessionEnded=true, bCleanupResources=true
[2022.02.15-03.44.11:917][  0]LogSlate: InvalidateAllWidgets triggered.  All widgets were invalidated
[2022.02.15-03.44.11:917][  0]MapCheck: New page: Map Check
[2022.02.15-03.44.11:917][  0]LightingResults: New page: Lighting Build
[2022.02.15-03.44.11:923][  0]LogAudio: Display: Audio Device unregistered from world 'None'.
[2022.02.15-03.44.11:926][  0]LogUObjectHash: Compacting FUObjectHashTables data took   0.86ms
[2022.02.15-03.44.12:665][  0]LogAudio: Display: Audio Device (ID: 1) registered with world 'ThirdPersonExampleMap'.
[2022.02.15-03.44.12:666][  0]LogAIModule: Creating AISystem for world ThirdPersonExampleMap
[2022.02.15-03.44.12:681][  0]LogEditorServer: Finished looking for orphan Actors (0.000 secs)
[2022.02.15-03.44.12:738][  0]LogUObjectHash: Compacting FUObjectHashTables data took   2.00ms
[2022.02.15-03.44.12:739][  0]Cmd: MAP CHECKDEP NOCLEARLOG
[2022.02.15-03.44.12:739][  0]MapCheck: Map check complete: 0 Error(s), 0 Warning(s), took 0.252ms to complete.
[2022.02.15-03.44.12:739][  0]LogFileHelpers: Loading map 'ThirdPersonExampleMap' took 0.825
[2022.02.15-03.44.12:744][  0]LogUnrealEdMisc: Total Editor Startup Time, took 10.882
[2022.02.15-03.44.12:893][  0]LogSlate: Updating window title bar state: overlay mode, drag disabled, window buttons hidden, title bar hidden
[2022.02.15-03.44.12:899][  0]LogSlate: Updating window title bar state: overlay mode, drag disabled, window buttons hidden, title bar hidden
[2022.02.15-03.44.12:907][  0]LogSlate: Updating window title bar state: overlay mode, drag disabled, window buttons hidden, title bar hidden
[2022.02.15-03.44.12:922][  0]LogSlate: Updating window title bar state: overlay mode, drag disabled, window buttons hidden, title bar hidden
[2022.02.15-03.44.12:941][  0]LogNativeClassHierarchy: Verbose: Native class hierarchy populated in 0.0093 seconds. Added 3822 classes and 928 folders.
[2022.02.15-03.44.12:944][  0]LogNativeClassHierarchy: Verbose: Native class hierarchy updated for 'WidgetCarousel' in 0.0002 seconds. Added 0 classes and 0 folders.
[2022.02.15-03.44.12:946][  0]LogPakFile: PakFile PrimaryIndexSize=187
[2022.02.15-03.44.12:946][  0]LogPakFile: PakFile PathHashIndexSize=101
[2022.02.15-03.44.12:946][  0]LogPakFile: PakFile FullDirectoryIndexSize=148
[2022.02.15-03.44.12:946][  0]LogShaderLibrary: Display: ShaderCodeLibraryPakFileMountedCallback: PakFile 'D:/Epic Games/UE_4.27/FeaturePacks/FP_FirstPerson.upack' (chunk index -1, root 'root:/') mounted
[2022.02.15-03.44.12:946][  0]LogShaderLibrary: Display: ShaderCodeLibraryPakFileMountedCallback: pending pak file info (ChunkID:-1 Root:root:/ File:D:/Epic Games/UE_4.27/FeaturePacks/FP_FirstPerson.upack)
[2022.02.15-03.44.12:946][  0]LogPakFile: OnPakFileMounted2Time == 0.000058
[2022.02.15-03.44.12:947][  0]LogPakFile: PakFile PrimaryIndexSize=189
[2022.02.15-03.44.12:947][  0]LogPakFile: PakFile PathHashIndexSize=101
[2022.02.15-03.44.12:947][  0]LogPakFile: PakFile FullDirectoryIndexSize=152
[2022.02.15-03.44.12:947][  0]LogShaderLibrary: Display: ShaderCodeLibraryPakFileMountedCallback: PakFile 'D:/Epic Games/UE_4.27/FeaturePacks/FP_FirstPersonBP.upack' (chunk index -1, root 'root:/') mounted
[2022.02.15-03.44.12:947][  0]LogShaderLibrary: Display: ShaderCodeLibraryPakFileMountedCallback: pending pak file info (ChunkID:-1 Root:root:/ File:D:/Epic Games/UE_4.27/FeaturePacks/FP_FirstPersonBP.upack)
[2022.02.15-03.44.12:947][  0]LogPakFile: OnPakFileMounted2Time == 0.000041
[2022.02.15-03.44.12:948][  0]LogPakFile: PakFile PrimaryIndexSize=191
[2022.02.15-03.44.12:948][  0]LogPakFile: PakFile PathHashIndexSize=101
[2022.02.15-03.44.12:948][  0]LogPakFile: PakFile FullDirectoryIndexSize=160
[2022.02.15-03.44.12:948][  0]LogShaderLibrary: Display: ShaderCodeLibraryPakFileMountedCallback: PakFile 'D:/Epic Games/UE_4.27/FeaturePacks/MobileStarterContent.upack' (chunk index -1, root 'root:/') mounted
[2022.02.15-03.44.12:948][  0]LogShaderLibrary: Display: ShaderCodeLibraryPakFileMountedCallback: pending pak file info (ChunkID:-1 Root:root:/ File:D:/Epic Games/UE_4.27/FeaturePacks/MobileStarterContent.upack)
[2022.02.15-03.44.12:948][  0]LogPakFile: OnPakFileMounted2Time == 0.000037
[2022.02.15-03.44.12:949][  0]LogPakFile: PakFile PrimaryIndexSize=185
[2022.02.15-03.44.12:949][  0]LogPakFile: PakFile PathHashIndexSize=101
[2022.02.15-03.44.12:949][  0]LogPakFile: PakFile FullDirectoryIndexSize=148
[2022.02.15-03.44.12:949][  0]LogShaderLibrary: Display: ShaderCodeLibraryPakFileMountedCallback: PakFile 'D:/Epic Games/UE_4.27/FeaturePacks/StarterContent.upack' (chunk index -1, root 'root:/') mounted
[2022.02.15-03.44.12:949][  0]LogShaderLibrary: Display: ShaderCodeLibraryPakFileMountedCallback: pending pak file info (ChunkID:-1 Root:root:/ File:D:/Epic Games/UE_4.27/FeaturePacks/StarterContent.upack)
[2022.02.15-03.44.12:949][  0]LogPakFile: OnPakFileMounted2Time == 0.000040
[2022.02.15-03.44.12:950][  0]LogPakFile: PakFile PrimaryIndexSize=190
[2022.02.15-03.44.12:950][  0]LogPakFile: PakFile PathHashIndexSize=101
[2022.02.15-03.44.12:950][  0]LogPakFile: PakFile FullDirectoryIndexSize=154
[2022.02.15-03.44.12:950][  0]LogShaderLibrary: Display: ShaderCodeLibraryPakFileMountedCallback: PakFile 'D:/Epic Games/UE_4.27/FeaturePacks/TP_2DSideScroller.upack' (chunk index -1, root 'root:/') mounted
[2022.02.15-03.44.12:950][  0]LogShaderLibrary: Display: ShaderCodeLibraryPakFileMountedCallback: pending pak file info (ChunkID:-1 Root:root:/ File:D:/Epic Games/UE_4.27/FeaturePacks/TP_2DSideScroller.upack)
[2022.02.15-03.44.12:950][  0]LogPakFile: OnPakFileMounted2Time == 0.000038
[2022.02.15-03.44.12:950][  0]LogPakFile: PakFile PrimaryIndexSize=192
[2022.02.15-03.44.12:950][  0]LogPakFile: PakFile PathHashIndexSize=101
[2022.02.15-03.44.12:950][  0]LogPakFile: PakFile FullDirectoryIndexSize=158
[2022.02.15-03.44.12:950][  0]LogShaderLibrary: Display: ShaderCodeLibraryPakFileMountedCallback: PakFile 'D:/Epic Games/UE_4.27/FeaturePacks/TP_2DSideScrollerBP.upack' (chunk index -1, root 'root:/') mounted
[2022.02.15-03.44.12:950][  0]LogShaderLibrary: Display: ShaderCodeLibraryPakFileMountedCallback: pending pak file info (ChunkID:-1 Root:root:/ File:D:/Epic Games/UE_4.27/FeaturePacks/TP_2DSideScrollerBP.upack)
[2022.02.15-03.44.12:950][  0]LogPakFile: OnPakFileMounted2Time == 0.000037
[2022.02.15-03.44.12:952][  0]LogPakFile: PakFile PrimaryIndexSize=182
[2022.02.15-03.44.12:952][  0]LogPakFile: PakFile PathHashIndexSize=101
[2022.02.15-03.44.12:952][  0]LogPakFile: PakFile FullDirectoryIndexSize=138
[2022.02.15-03.44.12:952][  0]LogShaderLibrary: Display: ShaderCodeLibraryPakFileMountedCallback: PakFile 'D:/Epic Games/UE_4.27/FeaturePacks/TP_Flying.upack' (chunk index -1, root 'root:/') mounted
[2022.02.15-03.44.12:952][  0]LogShaderLibrary: Display: ShaderCodeLibraryPakFileMountedCallback: pending pak file info (ChunkID:-1 Root:root:/ File:D:/Epic Games/UE_4.27/FeaturePacks/TP_Flying.upack)
[2022.02.15-03.44.12:952][  0]LogPakFile: OnPakFileMounted2Time == 0.000037
[2022.02.15-03.44.12:952][  0]LogPakFile: PakFile PrimaryIndexSize=184
[2022.02.15-03.44.12:953][  0]LogPakFile: PakFile PathHashIndexSize=101
[2022.02.15-03.44.12:953][  0]LogPakFile: PakFile FullDirectoryIndexSize=142
[2022.02.15-03.44.12:953][  0]LogShaderLibrary: Display: ShaderCodeLibraryPakFileMountedCallback: PakFile 'D:/Epic Games/UE_4.27/FeaturePacks/TP_FlyingBP.upack' (chunk index -1, root 'root:/') mounted
[2022.02.15-03.44.12:953][  0]LogShaderLibrary: Display: ShaderCodeLibraryPakFileMountedCallback: pending pak file info (ChunkID:-1 Root:root:/ File:D:/Epic Games/UE_4.27/FeaturePacks/TP_FlyingBP.upack)
[2022.02.15-03.44.12:953][  0]LogPakFile: OnPakFileMounted2Time == 0.000038
[2022.02.15-03.44.12:953][  0]LogPakFile: PakFile PrimaryIndexSize=188
[2022.02.15-03.44.12:953][  0]LogPakFile: PakFile PathHashIndexSize=101
[2022.02.15-03.44.12:953][  0]LogPakFile: PakFile FullDirectoryIndexSize=150
[2022.02.15-03.44.12:953][  0]LogShaderLibrary: Display: ShaderCodeLibraryPakFileMountedCallback: PakFile 'D:/Epic Games/UE_4.27/FeaturePacks/TP_HandheldARBP.upack' (chunk index -1, root 'root:/') mounted
[2022.02.15-03.44.12:953][  0]LogShaderLibrary: Display: ShaderCodeLibraryPakFileMountedCallback: pending pak file info (ChunkID:-1 Root:root:/ File:D:/Epic Games/UE_4.27/FeaturePacks/TP_HandheldARBP.upack)
[2022.02.15-03.44.12:953][  0]LogPakFile: OnPakFileMounted2Time == 0.000037
[2022.02.15-03.44.12:954][  0]LogPakFile: PakFile PrimaryIndexSize=182
[2022.02.15-03.44.12:954][  0]LogPakFile: PakFile PathHashIndexSize=101
[2022.02.15-03.44.12:954][  0]LogPakFile: PakFile FullDirectoryIndexSize=138
[2022.02.15-03.44.12:955][  0]LogShaderLibrary: Display: ShaderCodeLibraryPakFileMountedCallback: PakFile 'D:/Epic Games/UE_4.27/FeaturePacks/TP_Puzzle.upack' (chunk index -1, root 'root:/') mounted
[2022.02.15-03.44.12:955][  0]LogShaderLibrary: Display: ShaderCodeLibraryPakFileMountedCallback: pending pak file info (ChunkID:-1 Root:root:/ File:D:/Epic Games/UE_4.27/FeaturePacks/TP_Puzzle.upack)
[2022.02.15-03.44.12:955][  0]LogPakFile: OnPakFileMounted2Time == 0.000038
[2022.02.15-03.44.12:955][  0]LogPakFile: PakFile PrimaryIndexSize=184
[2022.02.15-03.44.12:955][  0]LogPakFile: PakFile PathHashIndexSize=101
[2022.02.15-03.44.12:955][  0]LogPakFile: PakFile FullDirectoryIndexSize=142
[2022.02.15-03.44.12:955][  0]LogShaderLibrary: Display: ShaderCodeLibraryPakFileMountedCallback: PakFile 'D:/Epic Games/UE_4.27/FeaturePacks/TP_PuzzleBP.upack' (chunk index -1, root 'root:/') mounted
[2022.02.15-03.44.12:955][  0]LogShaderLibrary: Display: ShaderCodeLibraryPakFileMountedCallback: pending pak file info (ChunkID:-1 Root:root:/ File:D:/Epic Games/UE_4.27/FeaturePacks/TP_PuzzleBP.upack)
[2022.02.15-03.44.12:955][  0]LogPakFile: OnPakFileMounted2Time == 0.000038
[2022.02.15-03.44.12:956][  0]LogPakFile: PakFile PrimaryIndexSize=183
[2022.02.15-03.44.12:956][  0]LogPakFile: PakFile PathHashIndexSize=101
[2022.02.15-03.44.12:956][  0]LogPakFile: PakFile FullDirectoryIndexSize=140
[2022.02.15-03.44.12:956][  0]LogShaderLibrary: Display: ShaderCodeLibraryPakFileMountedCallback: PakFile 'D:/Epic Games/UE_4.27/FeaturePacks/TP_Rolling.upack' (chunk index -1, root 'root:/') mounted
[2022.02.15-03.44.12:956][  0]LogShaderLibrary: Display: ShaderCodeLibraryPakFileMountedCallback: pending pak file info (ChunkID:-1 Root:root:/ File:D:/Epic Games/UE_4.27/FeaturePacks/TP_Rolling.upack)
[2022.02.15-03.44.12:956][  0]LogPakFile: OnPakFileMounted2Time == 0.000037
[2022.02.15-03.44.12:957][  0]LogPakFile: PakFile PrimaryIndexSize=185
[2022.02.15-03.44.12:957][  0]LogPakFile: PakFile PathHashIndexSize=101
[2022.02.15-03.44.12:957][  0]LogPakFile: PakFile FullDirectoryIndexSize=144
[2022.02.15-03.44.12:957][  0]LogShaderLibrary: Display: ShaderCodeLibraryPakFileMountedCallback: PakFile 'D:/Epic Games/UE_4.27/FeaturePacks/TP_RollingBP.upack' (chunk index -1, root 'root:/') mounted
[2022.02.15-03.44.12:957][  0]LogShaderLibrary: Display: ShaderCodeLibraryPakFileMountedCallback: pending pak file info (ChunkID:-1 Root:root:/ File:D:/Epic Games/UE_4.27/FeaturePacks/TP_RollingBP.upack)
[2022.02.15-03.44.12:957][  0]LogPakFile: OnPakFileMounted2Time == 0.000039
[2022.02.15-03.44.12:958][  0]LogPakFile: PakFile PrimaryIndexSize=188
[2022.02.15-03.44.12:958][  0]LogPakFile: PakFile PathHashIndexSize=101
[2022.02.15-03.44.12:958][  0]LogPakFile: PakFile FullDirectoryIndexSize=150
[2022.02.15-03.44.12:958][  0]LogShaderLibrary: Display: ShaderCodeLibraryPakFileMountedCallback: PakFile 'D:/Epic Games/UE_4.27/FeaturePacks/TP_SideScroller.upack' (chunk index -1, root 'root:/') mounted
[2022.02.15-03.44.12:958][  0]LogShaderLibrary: Display: ShaderCodeLibraryPakFileMountedCallback: pending pak file info (ChunkID:-1 Root:root:/ File:D:/Epic Games/UE_4.27/FeaturePacks/TP_SideScroller.upack)
[2022.02.15-03.44.12:958][  0]LogPakFile: OnPakFileMounted2Time == 0.000037
[2022.02.15-03.44.12:959][  0]LogPakFile: PakFile PrimaryIndexSize=190
[2022.02.15-03.44.12:959][  0]LogPakFile: PakFile PathHashIndexSize=101
[2022.02.15-03.44.12:959][  0]LogPakFile: PakFile FullDirectoryIndexSize=154
[2022.02.15-03.44.12:959][  0]LogShaderLibrary: Display: ShaderCodeLibraryPakFileMountedCallback: PakFile 'D:/Epic Games/UE_4.27/FeaturePacks/TP_SideScrollerBP.upack' (chunk index -1, root 'root:/') mounted
[2022.02.15-03.44.12:959][  0]LogShaderLibrary: Display: ShaderCodeLibraryPakFileMountedCallback: pending pak file info (ChunkID:-1 Root:root:/ File:D:/Epic Games/UE_4.27/FeaturePacks/TP_SideScrollerBP.upack)
[2022.02.15-03.44.12:959][  0]LogPakFile: OnPakFileMounted2Time == 0.000037
[2022.02.15-03.44.12:960][  0]LogPakFile: PakFile PrimaryIndexSize=187
[2022.02.15-03.44.12:960][  0]LogPakFile: PakFile PathHashIndexSize=101
[2022.02.15-03.44.12:960][  0]LogPakFile: PakFile FullDirectoryIndexSize=148
[2022.02.15-03.44.12:960][  0]LogShaderLibrary: Display: ShaderCodeLibraryPakFileMountedCallback: PakFile 'D:/Epic Games/UE_4.27/FeaturePacks/TP_ThirdPerson.upack' (chunk index -1, root 'root:/') mounted
[2022.02.15-03.44.12:960][  0]LogShaderLibrary: Display: ShaderCodeLibraryPakFileMountedCallback: pending pak file info (ChunkID:-1 Root:root:/ File:D:/Epic Games/UE_4.27/FeaturePacks/TP_ThirdPerson.upack)
[2022.02.15-03.44.12:960][  0]LogPakFile: OnPakFileMounted2Time == 0.000037
[2022.02.15-03.44.12:961][  0]LogPakFile: PakFile PrimaryIndexSize=189
[2022.02.15-03.44.12:961][  0]LogPakFile: PakFile PathHashIndexSize=101
[2022.02.15-03.44.12:961][  0]LogPakFile: PakFile FullDirectoryIndexSize=152
[2022.02.15-03.44.12:961][  0]LogShaderLibrary: Display: ShaderCodeLibraryPakFileMountedCallback: PakFile 'D:/Epic Games/UE_4.27/FeaturePacks/TP_ThirdPersonBP.upack' (chunk index -1, root 'root:/') mounted
[2022.02.15-03.44.12:961][  0]LogShaderLibrary: Display: ShaderCodeLibraryPakFileMountedCallback: pending pak file info (ChunkID:-1 Root:root:/ File:D:/Epic Games/UE_4.27/FeaturePacks/TP_ThirdPersonBP.upack)
[2022.02.15-03.44.12:961][  0]LogPakFile: OnPakFileMounted2Time == 0.000038
[2022.02.15-03.44.12:961][  0]LogPakFile: PakFile PrimaryIndexSize=183
[2022.02.15-03.44.12:961][  0]LogPakFile: PakFile PathHashIndexSize=101
[2022.02.15-03.44.12:961][  0]LogPakFile: PakFile FullDirectoryIndexSize=140
[2022.02.15-03.44.12:961][  0]LogShaderLibrary: Display: ShaderCodeLibraryPakFileMountedCallback: PakFile 'D:/Epic Games/UE_4.27/FeaturePacks/TP_TopDown.upack' (chunk index -1, root 'root:/') mounted
[2022.02.15-03.44.12:961][  0]LogShaderLibrary: Display: ShaderCodeLibraryPakFileMountedCallback: pending pak file info (ChunkID:-1 Root:root:/ File:D:/Epic Games/UE_4.27/FeaturePacks/TP_TopDown.upack)
[2022.02.15-03.44.12:961][  0]LogPakFile: OnPakFileMounted2Time == 0.000044
[2022.02.15-03.44.12:962][  0]LogPakFile: PakFile PrimaryIndexSize=185
[2022.02.15-03.44.12:962][  0]LogPakFile: PakFile PathHashIndexSize=101
[2022.02.15-03.44.12:962][  0]LogPakFile: PakFile FullDirectoryIndexSize=144
[2022.02.15-03.44.12:962][  0]LogShaderLibrary: Display: ShaderCodeLibraryPakFileMountedCallback: PakFile 'D:/Epic Games/UE_4.27/FeaturePacks/TP_TopDownBP.upack' (chunk index -1, root 'root:/') mounted
[2022.02.15-03.44.12:962][  0]LogShaderLibrary: Display: ShaderCodeLibraryPakFileMountedCallback: pending pak file info (ChunkID:-1 Root:root:/ File:D:/Epic Games/UE_4.27/FeaturePacks/TP_TopDownBP.upack)
[2022.02.15-03.44.12:962][  0]LogPakFile: OnPakFileMounted2Time == 0.000037
[2022.02.15-03.44.12:963][  0]LogPakFile: PakFile PrimaryIndexSize=185
[2022.02.15-03.44.12:963][  0]LogPakFile: PakFile PathHashIndexSize=101
[2022.02.15-03.44.12:963][  0]LogPakFile: PakFile FullDirectoryIndexSize=144
[2022.02.15-03.44.12:963][  0]LogShaderLibrary: Display: ShaderCodeLibraryPakFileMountedCallback: PakFile 'D:/Epic Games/UE_4.27/FeaturePacks/TP_TwinStick.upack' (chunk index -1, root 'root:/') mounted
[2022.02.15-03.44.12:963][  0]LogShaderLibrary: Display: ShaderCodeLibraryPakFileMountedCallback: pending pak file info (ChunkID:-1 Root:root:/ File:D:/Epic Games/UE_4.27/FeaturePacks/TP_TwinStick.upack)
[2022.02.15-03.44.12:963][  0]LogPakFile: OnPakFileMounted2Time == 0.000037
[2022.02.15-03.44.12:964][  0]LogPakFile: PakFile PrimaryIndexSize=187
[2022.02.15-03.44.12:964][  0]LogPakFile: PakFile PathHashIndexSize=101
[2022.02.15-03.44.12:964][  0]LogPakFile: PakFile FullDirectoryIndexSize=148
[2022.02.15-03.44.12:964][  0]LogShaderLibrary: Display: ShaderCodeLibraryPakFileMountedCallback: PakFile 'D:/Epic Games/UE_4.27/FeaturePacks/TP_TwinStickBP.upack' (chunk index -1, root 'root:/') mounted
[2022.02.15-03.44.12:964][  0]LogShaderLibrary: Display: ShaderCodeLibraryPakFileMountedCallback: pending pak file info (ChunkID:-1 Root:root:/ File:D:/Epic Games/UE_4.27/FeaturePacks/TP_TwinStickBP.upack)
[2022.02.15-03.44.12:964][  0]LogPakFile: OnPakFileMounted2Time == 0.000038
[2022.02.15-03.44.12:965][  0]LogPakFile: PakFile PrimaryIndexSize=183
[2022.02.15-03.44.12:965][  0]LogPakFile: PakFile PathHashIndexSize=101
[2022.02.15-03.44.12:965][  0]LogPakFile: PakFile FullDirectoryIndexSize=140
[2022.02.15-03.44.12:965][  0]LogShaderLibrary: Display: ShaderCodeLibraryPakFileMountedCallback: PakFile 'D:/Epic Games/UE_4.27/FeaturePacks/TP_Vehicle.upack' (chunk index -1, root 'root:/') mounted
[2022.02.15-03.44.12:965][  0]LogShaderLibrary: Display: ShaderCodeLibraryPakFileMountedCallback: pending pak file info (ChunkID:-1 Root:root:/ File:D:/Epic Games/UE_4.27/FeaturePacks/TP_Vehicle.upack)
[2022.02.15-03.44.12:965][  0]LogPakFile: OnPakFileMounted2Time == 0.000037
[2022.02.15-03.44.12:966][  0]LogPakFile: PakFile PrimaryIndexSize=186
[2022.02.15-03.44.12:966][  0]LogPakFile: PakFile PathHashIndexSize=101
[2022.02.15-03.44.12:966][  0]LogPakFile: PakFile FullDirectoryIndexSize=146
[2022.02.15-03.44.12:966][  0]LogShaderLibrary: Display: ShaderCodeLibraryPakFileMountedCallback: PakFile 'D:/Epic Games/UE_4.27/FeaturePacks/TP_VehicleAdv.upack' (chunk index -1, root 'root:/') mounted
[2022.02.15-03.44.12:966][  0]LogShaderLibrary: Display: ShaderCodeLibraryPakFileMountedCallback: pending pak file info (ChunkID:-1 Root:root:/ File:D:/Epic Games/UE_4.27/FeaturePacks/TP_VehicleAdv.upack)
[2022.02.15-03.44.12:966][  0]LogPakFile: OnPakFileMounted2Time == 0.000038
[2022.02.15-03.44.12:967][  0]LogPakFile: PakFile PrimaryIndexSize=188
[2022.02.15-03.44.12:967][  0]LogPakFile: PakFile PathHashIndexSize=101
[2022.02.15-03.44.12:967][  0]LogPakFile: PakFile FullDirectoryIndexSize=150
[2022.02.15-03.44.12:967][  0]LogShaderLibrary: Display: ShaderCodeLibraryPakFileMountedCallback: PakFile 'D:/Epic Games/UE_4.27/FeaturePacks/TP_VehicleAdvBP.upack' (chunk index -1, root 'root:/') mounted
[2022.02.15-03.44.12:967][  0]LogShaderLibrary: Display: ShaderCodeLibraryPakFileMountedCallback: pending pak file info (ChunkID:-1 Root:root:/ File:D:/Epic Games/UE_4.27/FeaturePacks/TP_VehicleAdvBP.upack)
[2022.02.15-03.44.12:967][  0]LogPakFile: OnPakFileMounted2Time == 0.000035
[2022.02.15-03.44.12:968][  0]LogPakFile: PakFile PrimaryIndexSize=185
[2022.02.15-03.44.12:968][  0]LogPakFile: PakFile PathHashIndexSize=101
[2022.02.15-03.44.12:968][  0]LogPakFile: PakFile FullDirectoryIndexSize=144
[2022.02.15-03.44.12:968][  0]LogShaderLibrary: Display: ShaderCodeLibraryPakFileMountedCallback: PakFile 'D:/Epic Games/UE_4.27/FeaturePacks/TP_VehicleBP.upack' (chunk index -1, root 'root:/') mounted
[2022.02.15-03.44.12:968][  0]LogShaderLibrary: Display: ShaderCodeLibraryPakFileMountedCallback: pending pak file info (ChunkID:-1 Root:root:/ File:D:/Epic Games/UE_4.27/FeaturePacks/TP_VehicleBP.upack)
[2022.02.15-03.44.12:968][  0]LogPakFile: OnPakFileMounted2Time == 0.000038
[2022.02.15-03.44.12:969][  0]LogPakFile: PakFile PrimaryIndexSize=192
[2022.02.15-03.44.12:969][  0]LogPakFile: PakFile PathHashIndexSize=101
[2022.02.15-03.44.12:969][  0]LogPakFile: PakFile FullDirectoryIndexSize=158
[2022.02.15-03.44.12:969][  0]LogShaderLibrary: Display: ShaderCodeLibraryPakFileMountedCallback: PakFile 'D:/Epic Games/UE_4.27/FeaturePacks/TP_VirtualRealityBP.upack' (chunk index -1, root 'root:/') mounted
[2022.02.15-03.44.12:969][  0]LogShaderLibrary: Display: ShaderCodeLibraryPakFileMountedCallback: pending pak file info (ChunkID:-1 Root:root:/ File:D:/Epic Games/UE_4.27/FeaturePacks/TP_VirtualRealityBP.upack)
[2022.02.15-03.44.12:969][  0]LogPakFile: OnPakFileMounted2Time == 0.000037
[2022.02.15-03.44.13:033][  0]LogNativeClassHierarchy: Verbose: Native class hierarchy updated for 'AddContentDialog' in 0.0003 seconds. Added 0 classes and 0 folders.
[2022.02.15-03.44.13:035][  0]LogNativeClassHierarchy: Verbose: Native class hierarchy updated for 'SceneOutliner' in 0.0005 seconds. Added 2 classes and 0 folders.
[2022.02.15-03.44.13:137][  0]LogSlate: Took 0.000491 seconds to synchronously load lazily loaded font '../../../Engine/Content/Slate/Fonts/Roboto-Regular.ttf' (155K)
[2022.02.15-03.44.13:139][  0]LogSlate: Took 0.000702 seconds to synchronously load lazily loaded font '../../../Engine/Content/Editor/Slate/Fonts/FontAwesome.ttf' (139K)
[2022.02.15-03.44.13:141][  0]LogSlate: Took 0.000524 seconds to synchronously load lazily loaded font '../../../Engine/Content/Slate/Fonts/Roboto-Bold.ttf' (160K)
[2022.02.15-03.44.13:238][  0]LogRenderer: Reallocating scene render targets to support 1208x568 Format 10 NumSamples 1 (Frame:1).
[2022.02.15-03.44.13:545][  0]LogNativeClassHierarchy: Verbose: Native class hierarchy updated for 'HierarchicalLODOutliner' in 0.0003 seconds. Added 0 classes and 0 folders.
[2022.02.15-03.44.13:545][  0]LogInput: Warning: Action Jump uses invalid key OculusGo_Left_Trigger_Click.
[2022.02.15-03.44.13:545][  0]LogInput: Warning: Action ResetVR uses invalid key OculusGo_Left_Trackpad_Click.
[2022.02.15-03.44.13:545][  0]LogInput: Warning: Use -RemoveInvalidKeys to remove instances of these keys from the action mapping.
[2022.02.15-03.44.13:545][  0]LogLoad: (Engine Initialization) Total time: 11.68 seconds
[2022.02.15-03.44.13:545][  0]LogLoad: (Engine Initialization) Total Blueprint compile time: 0.00 seconds
[2022.02.15-03.44.13:601][  0]LogAssetRegistry: Asset discovery search completed in 6.5511 seconds
[2022.02.15-03.44.13:609][  0]LogCollectionManager: Fixed up redirectors for 0 collections in 0.000004 seconds (updated 0 objects)
[2022.02.15-03.44.13:617][  0]LogContentStreaming: Texture pool size now 1000 MB
[2022.02.15-03.44.14:247][  2]LogSlate: Took 0.000544 seconds to synchronously load lazily loaded font '../../../Engine/Content/Slate/Fonts/Roboto-Light.ttf' (167K)
[2022.02.15-03.44.45:438][829]MapCheck: New page: Map Check
[2022.02.15-03.44.45:459][829]Cmd: MAP REBUILD ALLVISIBLE
[2022.02.15-03.44.45:460][829]LogEditorServer: Rebuildmap Clear paths rebuilt
